
*** Running vivado
    with args -log SPI_ADDR_DATA.vdi -applog -m64 -product Vivado -messageDb vivado.pb -mode batch -source SPI_ADDR_DATA.tcl -notrace


****** Vivado v2019.2 (64-bit)
  **** SW Build 2708876 on Wed Nov  6 21:40:23 MST 2019
  **** IP Build 2700528 on Thu Nov  7 00:09:20 MST 2019
    ** Copyright 1986-2019 Xilinx, Inc. All Rights Reserved.

source SPI_ADDR_DATA.tcl -notrace
Command: link_design -top SPI_ADDR_DATA -part xc7a35tcpg236-1
Design is defaulting to srcset: sources_1
Design is defaulting to constrset: constrs_1
INFO: [Device 21-403] Loading part xc7a35tcpg236-1
Netlist sorting complete. Time (s): cpu = 00:00:00 ; elapsed = 00:00:00.001 . Memory (MB): peak = 812.297 ; gain = 0.000
INFO: [Netlist 29-17] Analyzing 6 Unisim elements for replacement
INFO: [Netlist 29-28] Unisim Transformation completed in 0 CPU seconds
INFO: [Project 1-479] Netlist was created with Vivado 2019.2
INFO: [Project 1-570] Preparing netlist for logic optimization
Parsing XDC File [C:/Users/kimhk/Documents/GitHub/SecuCepaLock_RTL_Team_Project/SPL/SPL.srcs/constrs_1/imports/Desktop/Basys-3-Master.xdc]
WARNING: [Vivado 12-584] No ports matched 'sw1'. [C:/Users/kimhk/Documents/GitHub/SecuCepaLock_RTL_Team_Project/SPL/SPL.srcs/constrs_1/imports/Desktop/Basys-3-Master.xdc:12]
CRITICAL WARNING: [Common 17-55] 'set_property' expects at least one object. [C:/Users/kimhk/Documents/GitHub/SecuCepaLock_RTL_Team_Project/SPL/SPL.srcs/constrs_1/imports/Desktop/Basys-3-Master.xdc:12]
Resolution: If [get_<value>] was used to populate the object, check to make sure this command returns at least one valid object.
WARNING: [Vivado 12-584] No ports matched 'duty[1]'. [C:/Users/kimhk/Documents/GitHub/SecuCepaLock_RTL_Team_Project/SPL/SPL.srcs/constrs_1/imports/Desktop/Basys-3-Master.xdc:13]
CRITICAL WARNING: [Common 17-55] 'set_property' expects at least one object. [C:/Users/kimhk/Documents/GitHub/SecuCepaLock_RTL_Team_Project/SPL/SPL.srcs/constrs_1/imports/Desktop/Basys-3-Master.xdc:13]
Resolution: If [get_<value>] was used to populate the object, check to make sure this command returns at least one valid object.
WARNING: [Vivado 12-584] No ports matched 'duty[2]'. [C:/Users/kimhk/Documents/GitHub/SecuCepaLock_RTL_Team_Project/SPL/SPL.srcs/constrs_1/imports/Desktop/Basys-3-Master.xdc:14]
CRITICAL WARNING: [Common 17-55] 'set_property' expects at least one object. [C:/Users/kimhk/Documents/GitHub/SecuCepaLock_RTL_Team_Project/SPL/SPL.srcs/constrs_1/imports/Desktop/Basys-3-Master.xdc:14]
Resolution: If [get_<value>] was used to populate the object, check to make sure this command returns at least one valid object.
WARNING: [Vivado 12-584] No ports matched 'duty[3]'. [C:/Users/kimhk/Documents/GitHub/SecuCepaLock_RTL_Team_Project/SPL/SPL.srcs/constrs_1/imports/Desktop/Basys-3-Master.xdc:15]
CRITICAL WARNING: [Common 17-55] 'set_property' expects at least one object. [C:/Users/kimhk/Documents/GitHub/SecuCepaLock_RTL_Team_Project/SPL/SPL.srcs/constrs_1/imports/Desktop/Basys-3-Master.xdc:15]
Resolution: If [get_<value>] was used to populate the object, check to make sure this command returns at least one valid object.
WARNING: [Vivado 12-584] No ports matched 'duty[4]'. [C:/Users/kimhk/Documents/GitHub/SecuCepaLock_RTL_Team_Project/SPL/SPL.srcs/constrs_1/imports/Desktop/Basys-3-Master.xdc:16]
CRITICAL WARNING: [Common 17-55] 'set_property' expects at least one object. [C:/Users/kimhk/Documents/GitHub/SecuCepaLock_RTL_Team_Project/SPL/SPL.srcs/constrs_1/imports/Desktop/Basys-3-Master.xdc:16]
Resolution: If [get_<value>] was used to populate the object, check to make sure this command returns at least one valid object.
WARNING: [Vivado 12-584] No ports matched 'duty[5]'. [C:/Users/kimhk/Documents/GitHub/SecuCepaLock_RTL_Team_Project/SPL/SPL.srcs/constrs_1/imports/Desktop/Basys-3-Master.xdc:17]
CRITICAL WARNING: [Common 17-55] 'set_property' expects at least one object. [C:/Users/kimhk/Documents/GitHub/SecuCepaLock_RTL_Team_Project/SPL/SPL.srcs/constrs_1/imports/Desktop/Basys-3-Master.xdc:17]
Resolution: If [get_<value>] was used to populate the object, check to make sure this command returns at least one valid object.
WARNING: [Vivado 12-584] No ports matched 'duty[6]'. [C:/Users/kimhk/Documents/GitHub/SecuCepaLock_RTL_Team_Project/SPL/SPL.srcs/constrs_1/imports/Desktop/Basys-3-Master.xdc:18]
CRITICAL WARNING: [Common 17-55] 'set_property' expects at least one object. [C:/Users/kimhk/Documents/GitHub/SecuCepaLock_RTL_Team_Project/SPL/SPL.srcs/constrs_1/imports/Desktop/Basys-3-Master.xdc:18]
Resolution: If [get_<value>] was used to populate the object, check to make sure this command returns at least one valid object.
WARNING: [Vivado 12-584] No ports matched 'switch[7]'. [C:/Users/kimhk/Documents/GitHub/SecuCepaLock_RTL_Team_Project/SPL/SPL.srcs/constrs_1/imports/Desktop/Basys-3-Master.xdc:19]
CRITICAL WARNING: [Common 17-55] 'set_property' expects at least one object. [C:/Users/kimhk/Documents/GitHub/SecuCepaLock_RTL_Team_Project/SPL/SPL.srcs/constrs_1/imports/Desktop/Basys-3-Master.xdc:19]
Resolution: If [get_<value>] was used to populate the object, check to make sure this command returns at least one valid object.
WARNING: [Vivado 12-584] No ports matched 'switch[8]'. [C:/Users/kimhk/Documents/GitHub/SecuCepaLock_RTL_Team_Project/SPL/SPL.srcs/constrs_1/imports/Desktop/Basys-3-Master.xdc:20]
CRITICAL WARNING: [Common 17-55] 'set_property' expects at least one object. [C:/Users/kimhk/Documents/GitHub/SecuCepaLock_RTL_Team_Project/SPL/SPL.srcs/constrs_1/imports/Desktop/Basys-3-Master.xdc:20]
Resolution: If [get_<value>] was used to populate the object, check to make sure this command returns at least one valid object.
WARNING: [Vivado 12-584] No ports matched 'switch[9]'. [C:/Users/kimhk/Documents/GitHub/SecuCepaLock_RTL_Team_Project/SPL/SPL.srcs/constrs_1/imports/Desktop/Basys-3-Master.xdc:21]
CRITICAL WARNING: [Common 17-55] 'set_property' expects at least one object. [C:/Users/kimhk/Documents/GitHub/SecuCepaLock_RTL_Team_Project/SPL/SPL.srcs/constrs_1/imports/Desktop/Basys-3-Master.xdc:21]
Resolution: If [get_<value>] was used to populate the object, check to make sure this command returns at least one valid object.
WARNING: [Vivado 12-584] No ports matched 'switch[10]'. [C:/Users/kimhk/Documents/GitHub/SecuCepaLock_RTL_Team_Project/SPL/SPL.srcs/constrs_1/imports/Desktop/Basys-3-Master.xdc:22]
CRITICAL WARNING: [Common 17-55] 'set_property' expects at least one object. [C:/Users/kimhk/Documents/GitHub/SecuCepaLock_RTL_Team_Project/SPL/SPL.srcs/constrs_1/imports/Desktop/Basys-3-Master.xdc:22]
Resolution: If [get_<value>] was used to populate the object, check to make sure this command returns at least one valid object.
WARNING: [Vivado 12-584] No ports matched 'switch[11]'. [C:/Users/kimhk/Documents/GitHub/SecuCepaLock_RTL_Team_Project/SPL/SPL.srcs/constrs_1/imports/Desktop/Basys-3-Master.xdc:23]
CRITICAL WARNING: [Common 17-55] 'set_property' expects at least one object. [C:/Users/kimhk/Documents/GitHub/SecuCepaLock_RTL_Team_Project/SPL/SPL.srcs/constrs_1/imports/Desktop/Basys-3-Master.xdc:23]
Resolution: If [get_<value>] was used to populate the object, check to make sure this command returns at least one valid object.
WARNING: [Vivado 12-584] No ports matched 'switch[12]'. [C:/Users/kimhk/Documents/GitHub/SecuCepaLock_RTL_Team_Project/SPL/SPL.srcs/constrs_1/imports/Desktop/Basys-3-Master.xdc:24]
CRITICAL WARNING: [Common 17-55] 'set_property' expects at least one object. [C:/Users/kimhk/Documents/GitHub/SecuCepaLock_RTL_Team_Project/SPL/SPL.srcs/constrs_1/imports/Desktop/Basys-3-Master.xdc:24]
Resolution: If [get_<value>] was used to populate the object, check to make sure this command returns at least one valid object.
WARNING: [Vivado 12-584] No ports matched 'switch[13]'. [C:/Users/kimhk/Documents/GitHub/SecuCepaLock_RTL_Team_Project/SPL/SPL.srcs/constrs_1/imports/Desktop/Basys-3-Master.xdc:25]
CRITICAL WARNING: [Common 17-55] 'set_property' expects at least one object. [C:/Users/kimhk/Documents/GitHub/SecuCepaLock_RTL_Team_Project/SPL/SPL.srcs/constrs_1/imports/Desktop/Basys-3-Master.xdc:25]
Resolution: If [get_<value>] was used to populate the object, check to make sure this command returns at least one valid object.
WARNING: [Vivado 12-584] No ports matched 'switch[14]'. [C:/Users/kimhk/Documents/GitHub/SecuCepaLock_RTL_Team_Project/SPL/SPL.srcs/constrs_1/imports/Desktop/Basys-3-Master.xdc:26]
CRITICAL WARNING: [Common 17-55] 'set_property' expects at least one object. [C:/Users/kimhk/Documents/GitHub/SecuCepaLock_RTL_Team_Project/SPL/SPL.srcs/constrs_1/imports/Desktop/Basys-3-Master.xdc:26]
Resolution: If [get_<value>] was used to populate the object, check to make sure this command returns at least one valid object.
WARNING: [Vivado 12-584] No ports matched 'led_alarm_off'. [C:/Users/kimhk/Documents/GitHub/SecuCepaLock_RTL_Team_Project/SPL/SPL.srcs/constrs_1/imports/Desktop/Basys-3-Master.xdc:27]
CRITICAL WARNING: [Common 17-55] 'set_property' expects at least one object. [C:/Users/kimhk/Documents/GitHub/SecuCepaLock_RTL_Team_Project/SPL/SPL.srcs/constrs_1/imports/Desktop/Basys-3-Master.xdc:27]
Resolution: If [get_<value>] was used to populate the object, check to make sure this command returns at least one valid object.
WARNING: [Vivado 12-584] No ports matched 'lock'. [C:/Users/kimhk/Documents/GitHub/SecuCepaLock_RTL_Team_Project/SPL/SPL.srcs/constrs_1/imports/Desktop/Basys-3-Master.xdc:31]
CRITICAL WARNING: [Common 17-55] 'set_property' expects at least one object. [C:/Users/kimhk/Documents/GitHub/SecuCepaLock_RTL_Team_Project/SPL/SPL.srcs/constrs_1/imports/Desktop/Basys-3-Master.xdc:31]
Resolution: If [get_<value>] was used to populate the object, check to make sure this command returns at least one valid object.
WARNING: [Vivado 12-584] No ports matched 'ERROR'. [C:/Users/kimhk/Documents/GitHub/SecuCepaLock_RTL_Team_Project/SPL/SPL.srcs/constrs_1/imports/Desktop/Basys-3-Master.xdc:32]
CRITICAL WARNING: [Common 17-55] 'set_property' expects at least one object. [C:/Users/kimhk/Documents/GitHub/SecuCepaLock_RTL_Team_Project/SPL/SPL.srcs/constrs_1/imports/Desktop/Basys-3-Master.xdc:32]
Resolution: If [get_<value>] was used to populate the object, check to make sure this command returns at least one valid object.
WARNING: [Vivado 12-584] No ports matched 'ERROR'. [C:/Users/kimhk/Documents/GitHub/SecuCepaLock_RTL_Team_Project/SPL/SPL.srcs/constrs_1/imports/Desktop/Basys-3-Master.xdc:33]
CRITICAL WARNING: [Common 17-55] 'set_property' expects at least one object. [C:/Users/kimhk/Documents/GitHub/SecuCepaLock_RTL_Team_Project/SPL/SPL.srcs/constrs_1/imports/Desktop/Basys-3-Master.xdc:33]
Resolution: If [get_<value>] was used to populate the object, check to make sure this command returns at least one valid object.
WARNING: [Vivado 12-584] No ports matched 'ERROR'. [C:/Users/kimhk/Documents/GitHub/SecuCepaLock_RTL_Team_Project/SPL/SPL.srcs/constrs_1/imports/Desktop/Basys-3-Master.xdc:34]
CRITICAL WARNING: [Common 17-55] 'set_property' expects at least one object. [C:/Users/kimhk/Documents/GitHub/SecuCepaLock_RTL_Team_Project/SPL/SPL.srcs/constrs_1/imports/Desktop/Basys-3-Master.xdc:34]
Resolution: If [get_<value>] was used to populate the object, check to make sure this command returns at least one valid object.
WARNING: [Vivado 12-584] No ports matched 'ERROR'. [C:/Users/kimhk/Documents/GitHub/SecuCepaLock_RTL_Team_Project/SPL/SPL.srcs/constrs_1/imports/Desktop/Basys-3-Master.xdc:35]
CRITICAL WARNING: [Common 17-55] 'set_property' expects at least one object. [C:/Users/kimhk/Documents/GitHub/SecuCepaLock_RTL_Team_Project/SPL/SPL.srcs/constrs_1/imports/Desktop/Basys-3-Master.xdc:35]
Resolution: If [get_<value>] was used to populate the object, check to make sure this command returns at least one valid object.
WARNING: [Vivado 12-584] No ports matched 'ERROR'. [C:/Users/kimhk/Documents/GitHub/SecuCepaLock_RTL_Team_Project/SPL/SPL.srcs/constrs_1/imports/Desktop/Basys-3-Master.xdc:36]
CRITICAL WARNING: [Common 17-55] 'set_property' expects at least one object. [C:/Users/kimhk/Documents/GitHub/SecuCepaLock_RTL_Team_Project/SPL/SPL.srcs/constrs_1/imports/Desktop/Basys-3-Master.xdc:36]
Resolution: If [get_<value>] was used to populate the object, check to make sure this command returns at least one valid object.
WARNING: [Vivado 12-584] No ports matched 'ERROR'. [C:/Users/kimhk/Documents/GitHub/SecuCepaLock_RTL_Team_Project/SPL/SPL.srcs/constrs_1/imports/Desktop/Basys-3-Master.xdc:37]
CRITICAL WARNING: [Common 17-55] 'set_property' expects at least one object. [C:/Users/kimhk/Documents/GitHub/SecuCepaLock_RTL_Team_Project/SPL/SPL.srcs/constrs_1/imports/Desktop/Basys-3-Master.xdc:37]
Resolution: If [get_<value>] was used to populate the object, check to make sure this command returns at least one valid object.
WARNING: [Vivado 12-584] No ports matched 'ERROR'. [C:/Users/kimhk/Documents/GitHub/SecuCepaLock_RTL_Team_Project/SPL/SPL.srcs/constrs_1/imports/Desktop/Basys-3-Master.xdc:38]
CRITICAL WARNING: [Common 17-55] 'set_property' expects at least one object. [C:/Users/kimhk/Documents/GitHub/SecuCepaLock_RTL_Team_Project/SPL/SPL.srcs/constrs_1/imports/Desktop/Basys-3-Master.xdc:38]
Resolution: If [get_<value>] was used to populate the object, check to make sure this command returns at least one valid object.
WARNING: [Vivado 12-584] No ports matched 'ERROR'. [C:/Users/kimhk/Documents/GitHub/SecuCepaLock_RTL_Team_Project/SPL/SPL.srcs/constrs_1/imports/Desktop/Basys-3-Master.xdc:39]
CRITICAL WARNING: [Common 17-55] 'set_property' expects at least one object. [C:/Users/kimhk/Documents/GitHub/SecuCepaLock_RTL_Team_Project/SPL/SPL.srcs/constrs_1/imports/Desktop/Basys-3-Master.xdc:39]
Resolution: If [get_<value>] was used to populate the object, check to make sure this command returns at least one valid object.
WARNING: [Vivado 12-584] No ports matched 'ERROR'. [C:/Users/kimhk/Documents/GitHub/SecuCepaLock_RTL_Team_Project/SPL/SPL.srcs/constrs_1/imports/Desktop/Basys-3-Master.xdc:40]
CRITICAL WARNING: [Common 17-55] 'set_property' expects at least one object. [C:/Users/kimhk/Documents/GitHub/SecuCepaLock_RTL_Team_Project/SPL/SPL.srcs/constrs_1/imports/Desktop/Basys-3-Master.xdc:40]
Resolution: If [get_<value>] was used to populate the object, check to make sure this command returns at least one valid object.
WARNING: [Vivado 12-584] No ports matched 'ERROR'. [C:/Users/kimhk/Documents/GitHub/SecuCepaLock_RTL_Team_Project/SPL/SPL.srcs/constrs_1/imports/Desktop/Basys-3-Master.xdc:41]
CRITICAL WARNING: [Common 17-55] 'set_property' expects at least one object. [C:/Users/kimhk/Documents/GitHub/SecuCepaLock_RTL_Team_Project/SPL/SPL.srcs/constrs_1/imports/Desktop/Basys-3-Master.xdc:41]
Resolution: If [get_<value>] was used to populate the object, check to make sure this command returns at least one valid object.
WARNING: [Vivado 12-584] No ports matched 'ERROR'. [C:/Users/kimhk/Documents/GitHub/SecuCepaLock_RTL_Team_Project/SPL/SPL.srcs/constrs_1/imports/Desktop/Basys-3-Master.xdc:42]
CRITICAL WARNING: [Common 17-55] 'set_property' expects at least one object. [C:/Users/kimhk/Documents/GitHub/SecuCepaLock_RTL_Team_Project/SPL/SPL.srcs/constrs_1/imports/Desktop/Basys-3-Master.xdc:42]
Resolution: If [get_<value>] was used to populate the object, check to make sure this command returns at least one valid object.
WARNING: [Vivado 12-584] No ports matched 'ERROR'. [C:/Users/kimhk/Documents/GitHub/SecuCepaLock_RTL_Team_Project/SPL/SPL.srcs/constrs_1/imports/Desktop/Basys-3-Master.xdc:43]
CRITICAL WARNING: [Common 17-55] 'set_property' expects at least one object. [C:/Users/kimhk/Documents/GitHub/SecuCepaLock_RTL_Team_Project/SPL/SPL.srcs/constrs_1/imports/Desktop/Basys-3-Master.xdc:43]
Resolution: If [get_<value>] was used to populate the object, check to make sure this command returns at least one valid object.
WARNING: [Vivado 12-584] No ports matched 'ERROR'. [C:/Users/kimhk/Documents/GitHub/SecuCepaLock_RTL_Team_Project/SPL/SPL.srcs/constrs_1/imports/Desktop/Basys-3-Master.xdc:44]
CRITICAL WARNING: [Common 17-55] 'set_property' expects at least one object. [C:/Users/kimhk/Documents/GitHub/SecuCepaLock_RTL_Team_Project/SPL/SPL.srcs/constrs_1/imports/Desktop/Basys-3-Master.xdc:44]
Resolution: If [get_<value>] was used to populate the object, check to make sure this command returns at least one valid object.
WARNING: [Vivado 12-584] No ports matched 'ERROR'. [C:/Users/kimhk/Documents/GitHub/SecuCepaLock_RTL_Team_Project/SPL/SPL.srcs/constrs_1/imports/Desktop/Basys-3-Master.xdc:45]
CRITICAL WARNING: [Common 17-55] 'set_property' expects at least one object. [C:/Users/kimhk/Documents/GitHub/SecuCepaLock_RTL_Team_Project/SPL/SPL.srcs/constrs_1/imports/Desktop/Basys-3-Master.xdc:45]
Resolution: If [get_<value>] was used to populate the object, check to make sure this command returns at least one valid object.
WARNING: [Vivado 12-584] No ports matched 'led_key_valid'. [C:/Users/kimhk/Documents/GitHub/SecuCepaLock_RTL_Team_Project/SPL/SPL.srcs/constrs_1/imports/Desktop/Basys-3-Master.xdc:46]
CRITICAL WARNING: [Common 17-55] 'set_property' expects at least one object. [C:/Users/kimhk/Documents/GitHub/SecuCepaLock_RTL_Team_Project/SPL/SPL.srcs/constrs_1/imports/Desktop/Basys-3-Master.xdc:46]
Resolution: If [get_<value>] was used to populate the object, check to make sure this command returns at least one valid object.
WARNING: [Vivado 12-584] No ports matched 'btn[2]'. [C:/Users/kimhk/Documents/GitHub/SecuCepaLock_RTL_Team_Project/SPL/SPL.srcs/constrs_1/imports/Desktop/Basys-3-Master.xdc:70]
CRITICAL WARNING: [Common 17-55] 'set_property' expects at least one object. [C:/Users/kimhk/Documents/GitHub/SecuCepaLock_RTL_Team_Project/SPL/SPL.srcs/constrs_1/imports/Desktop/Basys-3-Master.xdc:70]
Resolution: If [get_<value>] was used to populate the object, check to make sure this command returns at least one valid object.
WARNING: [Vivado 12-584] No ports matched 'btn[3]'. [C:/Users/kimhk/Documents/GitHub/SecuCepaLock_RTL_Team_Project/SPL/SPL.srcs/constrs_1/imports/Desktop/Basys-3-Master.xdc:71]
CRITICAL WARNING: [Common 17-55] 'set_property' expects at least one object. [C:/Users/kimhk/Documents/GitHub/SecuCepaLock_RTL_Team_Project/SPL/SPL.srcs/constrs_1/imports/Desktop/Basys-3-Master.xdc:71]
Resolution: If [get_<value>] was used to populate the object, check to make sure this command returns at least one valid object.
WARNING: [Vivado 12-584] No ports matched 'col[0]'. [C:/Users/kimhk/Documents/GitHub/SecuCepaLock_RTL_Team_Project/SPL/SPL.srcs/constrs_1/imports/Desktop/Basys-3-Master.xdc:85]
CRITICAL WARNING: [Common 17-55] 'set_property' expects at least one object. [C:/Users/kimhk/Documents/GitHub/SecuCepaLock_RTL_Team_Project/SPL/SPL.srcs/constrs_1/imports/Desktop/Basys-3-Master.xdc:85]
Resolution: If [get_<value>] was used to populate the object, check to make sure this command returns at least one valid object.
WARNING: [Vivado 12-584] No ports matched 'col[1]'. [C:/Users/kimhk/Documents/GitHub/SecuCepaLock_RTL_Team_Project/SPL/SPL.srcs/constrs_1/imports/Desktop/Basys-3-Master.xdc:86]
CRITICAL WARNING: [Common 17-55] 'set_property' expects at least one object. [C:/Users/kimhk/Documents/GitHub/SecuCepaLock_RTL_Team_Project/SPL/SPL.srcs/constrs_1/imports/Desktop/Basys-3-Master.xdc:86]
Resolution: If [get_<value>] was used to populate the object, check to make sure this command returns at least one valid object.
WARNING: [Vivado 12-584] No ports matched 'col[2]'. [C:/Users/kimhk/Documents/GitHub/SecuCepaLock_RTL_Team_Project/SPL/SPL.srcs/constrs_1/imports/Desktop/Basys-3-Master.xdc:87]
CRITICAL WARNING: [Common 17-55] 'set_property' expects at least one object. [C:/Users/kimhk/Documents/GitHub/SecuCepaLock_RTL_Team_Project/SPL/SPL.srcs/constrs_1/imports/Desktop/Basys-3-Master.xdc:87]
Resolution: If [get_<value>] was used to populate the object, check to make sure this command returns at least one valid object.
WARNING: [Vivado 12-584] No ports matched 'col[3]'. [C:/Users/kimhk/Documents/GitHub/SecuCepaLock_RTL_Team_Project/SPL/SPL.srcs/constrs_1/imports/Desktop/Basys-3-Master.xdc:88]
CRITICAL WARNING: [Common 17-55] 'set_property' expects at least one object. [C:/Users/kimhk/Documents/GitHub/SecuCepaLock_RTL_Team_Project/SPL/SPL.srcs/constrs_1/imports/Desktop/Basys-3-Master.xdc:88]
Resolution: If [get_<value>] was used to populate the object, check to make sure this command returns at least one valid object.
WARNING: [Vivado 12-584] No ports matched 'row[0]'. [C:/Users/kimhk/Documents/GitHub/SecuCepaLock_RTL_Team_Project/SPL/SPL.srcs/constrs_1/imports/Desktop/Basys-3-Master.xdc:89]
CRITICAL WARNING: [Common 17-55] 'set_property' expects at least one object. [C:/Users/kimhk/Documents/GitHub/SecuCepaLock_RTL_Team_Project/SPL/SPL.srcs/constrs_1/imports/Desktop/Basys-3-Master.xdc:89]
Resolution: If [get_<value>] was used to populate the object, check to make sure this command returns at least one valid object.
WARNING: [Vivado 12-584] No ports matched 'row[1]'. [C:/Users/kimhk/Documents/GitHub/SecuCepaLock_RTL_Team_Project/SPL/SPL.srcs/constrs_1/imports/Desktop/Basys-3-Master.xdc:90]
CRITICAL WARNING: [Common 17-55] 'set_property' expects at least one object. [C:/Users/kimhk/Documents/GitHub/SecuCepaLock_RTL_Team_Project/SPL/SPL.srcs/constrs_1/imports/Desktop/Basys-3-Master.xdc:90]
Resolution: If [get_<value>] was used to populate the object, check to make sure this command returns at least one valid object.
WARNING: [Vivado 12-584] No ports matched 'row[2]'. [C:/Users/kimhk/Documents/GitHub/SecuCepaLock_RTL_Team_Project/SPL/SPL.srcs/constrs_1/imports/Desktop/Basys-3-Master.xdc:91]
CRITICAL WARNING: [Common 17-55] 'set_property' expects at least one object. [C:/Users/kimhk/Documents/GitHub/SecuCepaLock_RTL_Team_Project/SPL/SPL.srcs/constrs_1/imports/Desktop/Basys-3-Master.xdc:91]
Resolution: If [get_<value>] was used to populate the object, check to make sure this command returns at least one valid object.
WARNING: [Vivado 12-584] No ports matched 'row[3]'. [C:/Users/kimhk/Documents/GitHub/SecuCepaLock_RTL_Team_Project/SPL/SPL.srcs/constrs_1/imports/Desktop/Basys-3-Master.xdc:92]
CRITICAL WARNING: [Common 17-55] 'set_property' expects at least one object. [C:/Users/kimhk/Documents/GitHub/SecuCepaLock_RTL_Team_Project/SPL/SPL.srcs/constrs_1/imports/Desktop/Basys-3-Master.xdc:92]
Resolution: If [get_<value>] was used to populate the object, check to make sure this command returns at least one valid object.
WARNING: [Vivado 12-584] No ports matched 'pwm'. [C:/Users/kimhk/Documents/GitHub/SecuCepaLock_RTL_Team_Project/SPL/SPL.srcs/constrs_1/imports/Desktop/Basys-3-Master.xdc:95]
CRITICAL WARNING: [Common 17-55] 'set_property' expects at least one object. [C:/Users/kimhk/Documents/GitHub/SecuCepaLock_RTL_Team_Project/SPL/SPL.srcs/constrs_1/imports/Desktop/Basys-3-Master.xdc:95]
Resolution: If [get_<value>] was used to populate the object, check to make sure this command returns at least one valid object.
WARNING: [Vivado 12-584] No ports matched 'dc_motor_pwm'. [C:/Users/kimhk/Documents/GitHub/SecuCepaLock_RTL_Team_Project/SPL/SPL.srcs/constrs_1/imports/Desktop/Basys-3-Master.xdc:96]
CRITICAL WARNING: [Common 17-55] 'set_property' expects at least one object. [C:/Users/kimhk/Documents/GitHub/SecuCepaLock_RTL_Team_Project/SPL/SPL.srcs/constrs_1/imports/Desktop/Basys-3-Master.xdc:96]
Resolution: If [get_<value>] was used to populate the object, check to make sure this command returns at least one valid object.
WARNING: [Vivado 12-584] No ports matched 'vauxp6'. [C:/Users/kimhk/Documents/GitHub/SecuCepaLock_RTL_Team_Project/SPL/SPL.srcs/constrs_1/imports/Desktop/Basys-3-Master.xdc:105]
CRITICAL WARNING: [Common 17-55] 'set_property' expects at least one object. [C:/Users/kimhk/Documents/GitHub/SecuCepaLock_RTL_Team_Project/SPL/SPL.srcs/constrs_1/imports/Desktop/Basys-3-Master.xdc:105]
Resolution: If [get_<value>] was used to populate the object, check to make sure this command returns at least one valid object.
WARNING: [Vivado 12-584] No ports matched 'vauxp7'. [C:/Users/kimhk/Documents/GitHub/SecuCepaLock_RTL_Team_Project/SPL/SPL.srcs/constrs_1/imports/Desktop/Basys-3-Master.xdc:107]
CRITICAL WARNING: [Common 17-55] 'set_property' expects at least one object. [C:/Users/kimhk/Documents/GitHub/SecuCepaLock_RTL_Team_Project/SPL/SPL.srcs/constrs_1/imports/Desktop/Basys-3-Master.xdc:107]
Resolution: If [get_<value>] was used to populate the object, check to make sure this command returns at least one valid object.
WARNING: [Vivado 12-584] No ports matched 'vauxp15'. [C:/Users/kimhk/Documents/GitHub/SecuCepaLock_RTL_Team_Project/SPL/SPL.srcs/constrs_1/imports/Desktop/Basys-3-Master.xdc:108]
CRITICAL WARNING: [Common 17-55] 'set_property' expects at least one object. [C:/Users/kimhk/Documents/GitHub/SecuCepaLock_RTL_Team_Project/SPL/SPL.srcs/constrs_1/imports/Desktop/Basys-3-Master.xdc:108]
Resolution: If [get_<value>] was used to populate the object, check to make sure this command returns at least one valid object.
WARNING: [Vivado 12-584] No ports matched 'vauxn6'. [C:/Users/kimhk/Documents/GitHub/SecuCepaLock_RTL_Team_Project/SPL/SPL.srcs/constrs_1/imports/Desktop/Basys-3-Master.xdc:109]
CRITICAL WARNING: [Common 17-55] 'set_property' expects at least one object. [C:/Users/kimhk/Documents/GitHub/SecuCepaLock_RTL_Team_Project/SPL/SPL.srcs/constrs_1/imports/Desktop/Basys-3-Master.xdc:109]
Resolution: If [get_<value>] was used to populate the object, check to make sure this command returns at least one valid object.
WARNING: [Vivado 12-584] No ports matched 'vauxn7'. [C:/Users/kimhk/Documents/GitHub/SecuCepaLock_RTL_Team_Project/SPL/SPL.srcs/constrs_1/imports/Desktop/Basys-3-Master.xdc:111]
CRITICAL WARNING: [Common 17-55] 'set_property' expects at least one object. [C:/Users/kimhk/Documents/GitHub/SecuCepaLock_RTL_Team_Project/SPL/SPL.srcs/constrs_1/imports/Desktop/Basys-3-Master.xdc:111]
Resolution: If [get_<value>] was used to populate the object, check to make sure this command returns at least one valid object.
WARNING: [Vivado 12-584] No ports matched 'vauxn15'. [C:/Users/kimhk/Documents/GitHub/SecuCepaLock_RTL_Team_Project/SPL/SPL.srcs/constrs_1/imports/Desktop/Basys-3-Master.xdc:112]
CRITICAL WARNING: [Common 17-55] 'set_property' expects at least one object. [C:/Users/kimhk/Documents/GitHub/SecuCepaLock_RTL_Team_Project/SPL/SPL.srcs/constrs_1/imports/Desktop/Basys-3-Master.xdc:112]
Resolution: If [get_<value>] was used to populate the object, check to make sure this command returns at least one valid object.
Finished Parsing XDC File [C:/Users/kimhk/Documents/GitHub/SecuCepaLock_RTL_Team_Project/SPL/SPL.srcs/constrs_1/imports/Desktop/Basys-3-Master.xdc]
INFO: [Opt 31-138] Pushed 0 inverter(s) to 0 load pin(s).
Netlist sorting complete. Time (s): cpu = 00:00:00 ; elapsed = 00:00:00 . Memory (MB): peak = 931.406 ; gain = 0.000
INFO: [Project 1-111] Unisim Transformation Summary:
No Unisim elements were transformed.

7 Infos, 50 Warnings, 50 Critical Warnings and 0 Errors encountered.
link_design completed successfully
link_design: Time (s): cpu = 00:00:01 ; elapsed = 00:00:06 . Memory (MB): peak = 936.457 ; gain = 404.449
Command: opt_design
Attempting to get a license for feature 'Implementation' and/or device 'xc7a35t'
INFO: [Common 17-349] Got license for feature 'Implementation' and/or device 'xc7a35t'
Running DRC as a precondition to command opt_design

Starting DRC Task
INFO: [DRC 23-27] Running DRC with 2 threads
INFO: [Project 1-461] DRC finished with 0 Errors
INFO: [Project 1-462] Please refer to the DRC report (report_drc) for more information.

Time (s): cpu = 00:00:01 ; elapsed = 00:00:00.682 . Memory (MB): peak = 951.406 ; gain = 14.949

Starting Cache Timing Information Task
INFO: [Timing 38-35] Done setting XDC timing constraints.
Ending Cache Timing Information Task | Checksum: 1a27e56dc

Time (s): cpu = 00:00:05 ; elapsed = 00:00:10 . Memory (MB): peak = 1493.965 ; gain = 542.559

Starting Logic Optimization Task

Phase 1 Retarget
INFO: [Opt 31-138] Pushed 0 inverter(s) to 0 load pin(s).
INFO: [Opt 31-49] Retargeted 0 cell(s).
Phase 1 Retarget | Checksum: 1a27e56dc

Time (s): cpu = 00:00:00 ; elapsed = 00:00:00.006 . Memory (MB): peak = 1687.180 ; gain = 0.000
INFO: [Opt 31-389] Phase Retarget created 0 cells and removed 0 cells

Phase 2 Constant propagation
INFO: [Opt 31-138] Pushed 0 inverter(s) to 0 load pin(s).
Phase 2 Constant propagation | Checksum: 1a27e56dc

Time (s): cpu = 00:00:00 ; elapsed = 00:00:00.007 . Memory (MB): peak = 1687.180 ; gain = 0.000
INFO: [Opt 31-389] Phase Constant propagation created 0 cells and removed 0 cells

Phase 3 Sweep
Phase 3 Sweep | Checksum: 188e4d4d1

Time (s): cpu = 00:00:00 ; elapsed = 00:00:00.010 . Memory (MB): peak = 1687.180 ; gain = 0.000
INFO: [Opt 31-389] Phase Sweep created 1 cells and removed 0 cells

Phase 4 BUFG optimization
INFO: [Opt 31-1112] Starts optimizing BUFG(s) with a common MMCM/DPLL/XPLL driver.
INFO: [Opt 31-1112] Starts optimizing BUFG(s) with a common driver.
INFO: [Opt 31-1092] Phase BUFG optimization transformed 0 BUFG(s) to MBUFG(s).
Phase 4 BUFG optimization | Checksum: 188e4d4d1

Time (s): cpu = 00:00:00 ; elapsed = 00:00:00.013 . Memory (MB): peak = 1687.180 ; gain = 0.000
INFO: [Opt 31-662] Phase BUFG optimization created 0 cells of which 0 are BUFGs and removed 0 cells.

Phase 5 Shift Register Optimization
INFO: [Opt 31-1064] SRL Remap converted 0 SRLs to 0 registers and converted 0 registers of register chains to 0 SRLs
Phase 5 Shift Register Optimization | Checksum: 188e4d4d1

Time (s): cpu = 00:00:00 ; elapsed = 00:00:00.014 . Memory (MB): peak = 1687.180 ; gain = 0.000
INFO: [Opt 31-389] Phase Shift Register Optimization created 0 cells and removed 0 cells

Phase 6 Post Processing Netlist
Phase 6 Post Processing Netlist | Checksum: 11bdd1b0e

Time (s): cpu = 00:00:00 ; elapsed = 00:00:00.015 . Memory (MB): peak = 1687.180 ; gain = 0.000
INFO: [Opt 31-389] Phase Post Processing Netlist created 0 cells and removed 0 cells
Opt_design Change Summary
=========================


-------------------------------------------------------------------------------------------------------------------------
|  Phase                        |  #Cells created  |  #Cells Removed  |  #Constrained objects preventing optimizations  |
-------------------------------------------------------------------------------------------------------------------------
|  Retarget                     |               0  |               0  |                                              0  |
|  Constant propagation         |               0  |               0  |                                              0  |
|  Sweep                        |               1  |               0  |                                              0  |
|  BUFG optimization            |               0  |               0  |                                              0  |
|  Shift Register Optimization  |               0  |               0  |                                              0  |
|  Post Processing Netlist      |               0  |               0  |                                              0  |
-------------------------------------------------------------------------------------------------------------------------



Starting Connectivity Check Task

Time (s): cpu = 00:00:00 ; elapsed = 00:00:00.001 . Memory (MB): peak = 1687.180 ; gain = 0.000
Ending Logic Optimization Task | Checksum: 102e38e01

Time (s): cpu = 00:00:00 ; elapsed = 00:00:00.019 . Memory (MB): peak = 1687.180 ; gain = 0.000

Starting Power Optimization Task
INFO: [Pwropt 34-132] Skipping clock gating for clocks with a period < 2.00 ns.
Ending Power Optimization Task | Checksum: 102e38e01

Time (s): cpu = 00:00:00 ; elapsed = 00:00:00.005 . Memory (MB): peak = 1687.180 ; gain = 0.000

Starting Final Cleanup Task
Ending Final Cleanup Task | Checksum: 102e38e01

Time (s): cpu = 00:00:00 ; elapsed = 00:00:00 . Memory (MB): peak = 1687.180 ; gain = 0.000

Starting Netlist Obfuscation Task
Netlist sorting complete. Time (s): cpu = 00:00:00 ; elapsed = 00:00:00.001 . Memory (MB): peak = 1687.180 ; gain = 0.000
Ending Netlist Obfuscation Task | Checksum: 102e38e01

Time (s): cpu = 00:00:00 ; elapsed = 00:00:00.001 . Memory (MB): peak = 1687.180 ; gain = 0.000
INFO: [Common 17-83] Releasing license: Implementation
27 Infos, 50 Warnings, 50 Critical Warnings and 0 Errors encountered.
opt_design completed successfully
opt_design: Time (s): cpu = 00:00:07 ; elapsed = 00:00:13 . Memory (MB): peak = 1687.180 ; gain = 750.723
Netlist sorting complete. Time (s): cpu = 00:00:00 ; elapsed = 00:00:00 . Memory (MB): peak = 1687.180 ; gain = 0.000
INFO: [Timing 38-480] Writing timing data to binary archive.
Writing placer database...
Writing XDEF routing.
Writing XDEF routing logical nets.
Writing XDEF routing special nets.
Write XDEF Complete: Time (s): cpu = 00:00:00 ; elapsed = 00:00:00.017 . Memory (MB): peak = 1687.180 ; gain = 0.000
INFO: [Common 17-1381] The checkpoint 'C:/Users/kimhk/Documents/GitHub/SecuCepaLock_RTL_Team_Project/SPL/SPL.runs/impl_1/SPI_ADDR_DATA_opt.dcp' has been generated.
INFO: [runtcl-4] Executing : report_drc -file SPI_ADDR_DATA_drc_opted.rpt -pb SPI_ADDR_DATA_drc_opted.pb -rpx SPI_ADDR_DATA_drc_opted.rpx
Command: report_drc -file SPI_ADDR_DATA_drc_opted.rpt -pb SPI_ADDR_DATA_drc_opted.pb -rpx SPI_ADDR_DATA_drc_opted.rpx
INFO: [IP_Flow 19-234] Refreshing IP repositories
INFO: [IP_Flow 19-1704] No user IP repositories specified
INFO: [IP_Flow 19-2313] Loaded Vivado IP repository 'C:/Xilinx/Vivado/2019.2/data/ip'.
INFO: [DRC 23-27] Running DRC with 2 threads
INFO: [Coretcl 2-168] The results of DRC are in file C:/Users/kimhk/Documents/GitHub/SecuCepaLock_RTL_Team_Project/SPL/SPL.runs/impl_1/SPI_ADDR_DATA_drc_opted.rpt.
report_drc completed successfully
Command: place_design
Attempting to get a license for feature 'Implementation' and/or device 'xc7a35t'
INFO: [Common 17-349] Got license for feature 'Implementation' and/or device 'xc7a35t'
INFO: [DRC 23-27] Running DRC with 2 threads
INFO: [Vivado_Tcl 4-198] DRC finished with 0 Errors
INFO: [Vivado_Tcl 4-199] Please refer to the DRC report (report_drc) for more information.
Running DRC as a precondition to command place_design
INFO: [DRC 23-27] Running DRC with 2 threads
INFO: [Vivado_Tcl 4-198] DRC finished with 0 Errors
INFO: [Vivado_Tcl 4-199] Please refer to the DRC report (report_drc) for more information.

Starting Placer Task
INFO: [Place 30-611] Multithreading enabled for place_design using a maximum of 2 CPUs

Phase 1 Placer Initialization

Phase 1.1 Placer Initialization Netlist Sorting
Netlist sorting complete. Time (s): cpu = 00:00:00 ; elapsed = 00:00:00 . Memory (MB): peak = 1687.180 ; gain = 0.000
Phase 1.1 Placer Initialization Netlist Sorting | Checksum: d414c4b6

Time (s): cpu = 00:00:00 ; elapsed = 00:00:00.003 . Memory (MB): peak = 1687.180 ; gain = 0.000
Netlist sorting complete. Time (s): cpu = 00:00:00 ; elapsed = 00:00:00 . Memory (MB): peak = 1687.180 ; gain = 0.000

Phase 1.2 IO Placement/ Clock Placement/ Build Placer Device
ERROR: [Place 30-58] IO placement is infeasible. Number of unplaced terminals (16) is greater than number of available sites (12).
The following are banks with available pins: 
 IO Group: 0 with : SioStd: LVCMOS18   VCCO = 1.8 Termination: 0  TermDir:  Out  RangeId: 1 Drv: 12  has only 12 sites available on device, but needs 16 sites.
	Term: led_debug[0]
	Term: led_debug[1]
	Term: led_debug[2]
	Term: led_debug[3]
	Term: led_debug[4]
	Term: led_debug[5]
	Term: led_debug[6]
	Term: led_debug[7]
	Term: led_debug[8]
	Term: led_debug[9]
	Term: led_debug[10]
	Term: led_debug[11]
	Term: led_debug[12]
	Term: led_debug[13]
	Term: led_debug[14]
	Term: led_debug[15]


ERROR: [Place 30-58] IO placement is infeasible. Number of unplaced terminals (16) is greater than number of available sites (12).
The following are banks with available pins: 
 IO Group: 0 with : SioStd: LVCMOS18   VCCO = 1.8 Termination: 0  TermDir:  Out  RangeId: 1 Drv: 12  has only 12 sites available on device, but needs 16 sites.
	Term: led_debug[0]
	Term: led_debug[1]
	Term: led_debug[2]
	Term: led_debug[3]
	Term: led_debug[4]
	Term: led_debug[5]
	Term: led_debug[6]
	Term: led_debug[7]
	Term: led_debug[8]
	Term: led_debug[9]
	Term: led_debug[10]
	Term: led_debug[11]
	Term: led_debug[12]
	Term: led_debug[13]
	Term: led_debug[14]
	Term: led_debug[15]


ERROR: [Place 30-374] IO placer failed to find a solution
Below is the partial placement that can be analyzed to see if any constraint modifications will make the IO placement problem easier to solve.

+-------------------------------------------------------------------------------------------------------------------------------------------------------------------------+
|                                                                     IO Placement : Bank Stats                                                                           |
+----+-------+-------+------------------------------------------------------------------------+------------------------------------------+--------+--------+--------+-----+
| Id | Pins  | Terms |                               Standards                                |                IDelayCtrls               |  VREF  |  VCCO  |   VR   | DCI |
+----+-------+-------+------------------------------------------------------------------------+------------------------------------------+--------+--------+--------+-----+
|  0 |     0 |     0 |                                                                        |                                          |        |        |        |     |
| 14 |    50 |     2 | LVCMOS33(2)                                                            |                                          |        |  +3.30 |    YES |     |
| 16 |    12 |     0 |                                                                        |                                          |        |        |        |     |
| 34 |    24 |    13 | LVCMOS33(13)                                                           |                                          |        |  +3.30 |    YES |     |
| 35 |    20 |     2 | LVCMOS33(2)                                                            |                                          |        |  +3.30 |    YES |     |
+----+-------+-------+------------------------------------------------------------------------+------------------------------------------+--------+--------+--------+-----+
|    |   106 |    17 |                                                                        |                                          |        |        |        |     |
+----+-------+-------+------------------------------------------------------------------------+------------------------------------------+--------+--------+--------+-----+

IO Placement:
+--------+----------------------+-----------------+----------------------+----------------------+----------------------+
| BankId |             Terminal | Standard        | Site                 | Pin                  | Attributes           |
+--------+----------------------+-----------------+----------------------+----------------------+----------------------+
| 14     | btn[1]               | LVCMOS33        | IOB_X0Y17            | W19                  |                      |
|        | reset_p              | LVCMOS33        | IOB_X0Y13            | U18                  |                      |
+--------+----------------------+-----------------+----------------------+----------------------+----------------------+
| 34     | clk                  | LVCMOS33        | IOB_X1Y26            | W5                   |                      |
|        | com[0]               | LVCMOS33        | IOB_X1Y31            | U2                   |                      |
|        | com[1]               | LVCMOS33        | IOB_X1Y28            | U4                   |                      |
|        | com[2]               | LVCMOS33        | IOB_X1Y27            | V4                   |                      |
|        | com[3]               | LVCMOS33        | IOB_X1Y25            | W4                   |                      |
|        | seg_7[0]             | LVCMOS33        | IOB_X1Y11            | V7                   | *                    |
|        | seg_7[1]             | LVCMOS33        | IOB_X1Y12            | U7                   |                      |
|        | seg_7[2]             | LVCMOS33        | IOB_X1Y17            | V5                   |                      |
|        | seg_7[3]             | LVCMOS33        | IOB_X1Y18            | U5                   |                      |
|        | seg_7[4]             | LVCMOS33        | IOB_X1Y21            | V8                   |                      |
|        | seg_7[5]             | LVCMOS33        | IOB_X1Y22            | U8                   |                      |
|        | seg_7[6]             | LVCMOS33        | IOB_X1Y23            | W6                   |                      |
|        | seg_7[7]             | LVCMOS33        | IOB_X1Y24            | W7                   |                      |
+--------+----------------------+-----------------+----------------------+----------------------+----------------------+
| 35     | mosi                 | LVCMOS33        | IOB_X1Y89            | L2                   |                      |
|        | sck                  | LVCMOS33        | IOB_X1Y95            | J2                   |                      |
+--------+----------------------+-----------------+----------------------+----------------------+----------------------+

INFO: [Timing 38-35] Done setting XDC timing constraints.
Phase 1.2 IO Placement/ Clock Placement/ Build Placer Device | Checksum: 1150238ca

Time (s): cpu = 00:00:01 ; elapsed = 00:00:00.376 . Memory (MB): peak = 1687.180 ; gain = 0.000
Phase 1 Placer Initialization | Checksum: 1150238ca

Time (s): cpu = 00:00:01 ; elapsed = 00:00:00.377 . Memory (MB): peak = 1687.180 ; gain = 0.000
ERROR: [Place 30-99] Placer failed with error: 'IO Clock Placer failed'
Please review all ERROR, CRITICAL WARNING, and WARNING messages during placement to understand the cause for failure.
Ending Placer Task | Checksum: 1150238ca

Time (s): cpu = 00:00:01 ; elapsed = 00:00:00.378 . Memory (MB): peak = 1687.180 ; gain = 0.000
INFO: [Common 17-83] Releasing license: Implementation
45 Infos, 50 Warnings, 50 Critical Warnings and 5 Errors encountered.
place_design failed
ERROR: [Common 17-69] Command failed: Placer could not place all instances
INFO: [Common 17-206] Exiting Vivado at Tue Aug 27 18:53:52 2024...

*** Running vivado
    with args -log SPI_ADDR_DATA.vdi -applog -m64 -product Vivado -messageDb vivado.pb -mode batch -source SPI_ADDR_DATA.tcl -notrace


****** Vivado v2019.2 (64-bit)
  **** SW Build 2708876 on Wed Nov  6 21:40:23 MST 2019
  **** IP Build 2700528 on Thu Nov  7 00:09:20 MST 2019
    ** Copyright 1986-2019 Xilinx, Inc. All Rights Reserved.

source SPI_ADDR_DATA.tcl -notrace
Command: open_checkpoint SPI_ADDR_DATA_opt.dcp

Starting open_checkpoint Task

Time (s): cpu = 00:00:00 ; elapsed = 00:00:00.024 . Memory (MB): peak = 301.395 ; gain = 0.000
CRITICAL WARNING: [Board 49-67] The board_part definition was not found for digilentinc.com:basys3:part0:1.1. This can happen sometimes when you use custom board part. You can resolve this issue by setting 'board.repoPaths' parameter, pointing to the location of custom board files. Valid board_part values can be retrieved with the 'get_board_parts' Tcl command.
CRITICAL WARNING: [Board 49-67] The board_part definition was not found for digilentinc.com:basys3:part0:1.1. This can happen sometimes when you use custom board part. You can resolve this issue by setting 'board.repoPaths' parameter, pointing to the location of custom board files. Valid board_part values can be retrieved with the 'get_board_parts' Tcl command.
INFO: [Device 21-403] Loading part xc7a35tcpg236-1
Netlist sorting complete. Time (s): cpu = 00:00:00 ; elapsed = 00:00:00 . Memory (MB): peak = 565.711 ; gain = 0.000
INFO: [Netlist 29-17] Analyzing 6 Unisim elements for replacement
INFO: [Netlist 29-28] Unisim Transformation completed in 0 CPU seconds
INFO: [Project 1-479] Netlist was created with Vivado 2019.2
INFO: [Project 1-570] Preparing netlist for logic optimization
INFO: [Timing 38-478] Restoring timing data from binary archive.
INFO: [Timing 38-479] Binary timing data restore complete.
INFO: [Project 1-856] Restoring constraints from binary archive.
INFO: [Project 1-853] Binary constraint restore complete.
Reading XDEF placement.
Reading placer database...
Reading XDEF routing.
Read XDEF File: Time (s): cpu = 00:00:00 ; elapsed = 00:00:00.066 . Memory (MB): peak = 1153.785 ; gain = 0.000
Restored from archive | CPU: 0.000000 secs | Memory: 0.000000 MB |
Finished XDEF File Restore: Time (s): cpu = 00:00:00 ; elapsed = 00:00:00.066 . Memory (MB): peak = 1153.785 ; gain = 0.000
Netlist sorting complete. Time (s): cpu = 00:00:00 ; elapsed = 00:00:00.001 . Memory (MB): peak = 1153.785 ; gain = 0.000
INFO: [Project 1-111] Unisim Transformation Summary:
No Unisim elements were transformed.

INFO: [Project 1-604] Checkpoint was created with Vivado v2019.2 (64-bit) build 2708876
open_checkpoint: Time (s): cpu = 00:00:03 ; elapsed = 00:00:10 . Memory (MB): peak = 1153.785 ; gain = 852.391
Command: place_design
Attempting to get a license for feature 'Implementation' and/or device 'xc7a35t'
INFO: [Common 17-349] Got license for feature 'Implementation' and/or device 'xc7a35t'
INFO: [DRC 23-27] Running DRC with 2 threads
INFO: [Vivado_Tcl 4-198] DRC finished with 0 Errors
INFO: [Vivado_Tcl 4-199] Please refer to the DRC report (report_drc) for more information.
Running DRC as a precondition to command place_design
INFO: [DRC 23-27] Running DRC with 2 threads
INFO: [Vivado_Tcl 4-198] DRC finished with 0 Errors
INFO: [Vivado_Tcl 4-199] Please refer to the DRC report (report_drc) for more information.

Starting Placer Task
INFO: [Place 30-611] Multithreading enabled for place_design using a maximum of 2 CPUs

Phase 1 Placer Initialization

Phase 1.1 Placer Initialization Netlist Sorting
Netlist sorting complete. Time (s): cpu = 00:00:00 ; elapsed = 00:00:00 . Memory (MB): peak = 1180.121 ; gain = 0.000
Phase 1.1 Placer Initialization Netlist Sorting | Checksum: d414c4b6

Time (s): cpu = 00:00:00 ; elapsed = 00:00:00.003 . Memory (MB): peak = 1180.121 ; gain = 0.000
Netlist sorting complete. Time (s): cpu = 00:00:00 ; elapsed = 00:00:00 . Memory (MB): peak = 1180.121 ; gain = 0.000

Phase 1.2 IO Placement/ Clock Placement/ Build Placer Device
ERROR: [Place 30-58] IO placement is infeasible. Number of unplaced terminals (16) is greater than number of available sites (12).
The following are banks with available pins: 
 IO Group: 0 with : SioStd: LVCMOS18   VCCO = 1.8 Termination: 0  TermDir:  Out  RangeId: 1 Drv: 12  has only 12 sites available on device, but needs 16 sites.
	Term: led_debug[0]
	Term: led_debug[1]
	Term: led_debug[2]
	Term: led_debug[3]
	Term: led_debug[4]
	Term: led_debug[5]
	Term: led_debug[6]
	Term: led_debug[7]
	Term: led_debug[8]
	Term: led_debug[9]
	Term: led_debug[10]
	Term: led_debug[11]
	Term: led_debug[12]
	Term: led_debug[13]
	Term: led_debug[14]
	Term: led_debug[15]


ERROR: [Place 30-58] IO placement is infeasible. Number of unplaced terminals (16) is greater than number of available sites (12).
The following are banks with available pins: 
 IO Group: 0 with : SioStd: LVCMOS18   VCCO = 1.8 Termination: 0  TermDir:  Out  RangeId: 1 Drv: 12  has only 12 sites available on device, but needs 16 sites.
	Term: led_debug[0]
	Term: led_debug[1]
	Term: led_debug[2]
	Term: led_debug[3]
	Term: led_debug[4]
	Term: led_debug[5]
	Term: led_debug[6]
	Term: led_debug[7]
	Term: led_debug[8]
	Term: led_debug[9]
	Term: led_debug[10]
	Term: led_debug[11]
	Term: led_debug[12]
	Term: led_debug[13]
	Term: led_debug[14]
	Term: led_debug[15]


ERROR: [Place 30-374] IO placer failed to find a solution
Below is the partial placement that can be analyzed to see if any constraint modifications will make the IO placement problem easier to solve.

+-------------------------------------------------------------------------------------------------------------------------------------------------------------------------+
|                                                                     IO Placement : Bank Stats                                                                           |
+----+-------+-------+------------------------------------------------------------------------+------------------------------------------+--------+--------+--------+-----+
| Id | Pins  | Terms |                               Standards                                |                IDelayCtrls               |  VREF  |  VCCO  |   VR   | DCI |
+----+-------+-------+------------------------------------------------------------------------+------------------------------------------+--------+--------+--------+-----+
|  0 |     0 |     0 |                                                                        |                                          |        |        |        |     |
| 14 |    50 |     2 | LVCMOS33(2)                                                            |                                          |        |  +3.30 |    YES |     |
| 16 |    12 |     0 |                                                                        |                                          |        |        |        |     |
| 34 |    24 |    13 | LVCMOS33(13)                                                           |                                          |        |  +3.30 |    YES |     |
| 35 |    20 |     2 | LVCMOS33(2)                                                            |                                          |        |  +3.30 |    YES |     |
+----+-------+-------+------------------------------------------------------------------------+------------------------------------------+--------+--------+--------+-----+
|    |   106 |    17 |                                                                        |                                          |        |        |        |     |
+----+-------+-------+------------------------------------------------------------------------+------------------------------------------+--------+--------+--------+-----+

IO Placement:
+--------+----------------------+-----------------+----------------------+----------------------+----------------------+
| BankId |             Terminal | Standard        | Site                 | Pin                  | Attributes           |
+--------+----------------------+-----------------+----------------------+----------------------+----------------------+
| 14     | btn[1]               | LVCMOS33        | IOB_X0Y17            | W19                  |                      |
|        | reset_p              | LVCMOS33        | IOB_X0Y13            | U18                  |                      |
+--------+----------------------+-----------------+----------------------+----------------------+----------------------+
| 34     | clk                  | LVCMOS33        | IOB_X1Y26            | W5                   |                      |
|        | com[0]               | LVCMOS33        | IOB_X1Y31            | U2                   |                      |
|        | com[1]               | LVCMOS33        | IOB_X1Y28            | U4                   |                      |
|        | com[2]               | LVCMOS33        | IOB_X1Y27            | V4                   |                      |
|        | com[3]               | LVCMOS33        | IOB_X1Y25            | W4                   |                      |
|        | seg_7[0]             | LVCMOS33        | IOB_X1Y11            | V7                   | *                    |
|        | seg_7[1]             | LVCMOS33        | IOB_X1Y12            | U7                   |                      |
|        | seg_7[2]             | LVCMOS33        | IOB_X1Y17            | V5                   |                      |
|        | seg_7[3]             | LVCMOS33        | IOB_X1Y18            | U5                   |                      |
|        | seg_7[4]             | LVCMOS33        | IOB_X1Y21            | V8                   |                      |
|        | seg_7[5]             | LVCMOS33        | IOB_X1Y22            | U8                   |                      |
|        | seg_7[6]             | LVCMOS33        | IOB_X1Y23            | W6                   |                      |
|        | seg_7[7]             | LVCMOS33        | IOB_X1Y24            | W7                   |                      |
+--------+----------------------+-----------------+----------------------+----------------------+----------------------+
| 35     | mosi                 | LVCMOS33        | IOB_X1Y89            | L2                   |                      |
|        | sck                  | LVCMOS33        | IOB_X1Y95            | J2                   |                      |
+--------+----------------------+-----------------+----------------------+----------------------+----------------------+

INFO: [Timing 38-35] Done setting XDC timing constraints.
Phase 1.2 IO Placement/ Clock Placement/ Build Placer Device | Checksum: 1150238ca

Time (s): cpu = 00:00:00 ; elapsed = 00:00:00.363 . Memory (MB): peak = 1256.008 ; gain = 75.887
Phase 1 Placer Initialization | Checksum: 1150238ca

Time (s): cpu = 00:00:00 ; elapsed = 00:00:00.364 . Memory (MB): peak = 1256.008 ; gain = 75.887
ERROR: [Place 30-99] Placer failed with error: 'IO Clock Placer failed'
Please review all ERROR, CRITICAL WARNING, and WARNING messages during placement to understand the cause for failure.
Ending Placer Task | Checksum: 1150238ca

Time (s): cpu = 00:00:00 ; elapsed = 00:00:00.364 . Memory (MB): peak = 1256.008 ; gain = 75.887
INFO: [Common 17-83] Releasing license: Implementation
21 Infos, 0 Warnings, 2 Critical Warnings and 5 Errors encountered.
place_design failed
ERROR: [Common 17-69] Command failed: Placer could not place all instances
INFO: [Common 17-206] Exiting Vivado at Tue Aug 27 18:58:53 2024...
