Copyright 1986-2019 Xilinx, Inc. All Rights Reserved.
-----------------------------------------------------------------------------------------------------------------------------------------------------------------------------------------------
| Tool Version : Vivado v.2019.2 (win64) Build 2708876 Wed Nov  6 21:40:23 MST 2019
| Date         : Tue Aug 27 09:25:46 2024
| Host         : Ingusto running 64-bit major release  (build 9200)
| Command      : report_timing_summary -max_paths 10 -file timer_1m_timing_summary_routed.rpt -pb timer_1m_timing_summary_routed.pb -rpx timer_1m_timing_summary_routed.rpx -warn_on_violation
| Design       : timer_1m
| Device       : 7a35t-cpg236
| Speed File   : -1  PRODUCTION 1.23 2018-06-13
-----------------------------------------------------------------------------------------------------------------------------------------------------------------------------------------------

Timing Summary Report

------------------------------------------------------------------------------------------------
| Timer Settings
| --------------
------------------------------------------------------------------------------------------------

  Enable Multi Corner Analysis               :  Yes
  Enable Pessimism Removal                   :  Yes
  Pessimism Removal Resolution               :  Nearest Common Node
  Enable Input Delay Default Clock           :  No
  Enable Preset / Clear Arcs                 :  No
  Disable Flight Delays                      :  No
  Ignore I/O Paths                           :  No
  Timing Early Launch at Borrowing Latches   :  No
  Borrow Time for Max Delay Exceptions       :  Yes
  Merge Timing Exceptions                    :  Yes

  Corner  Analyze    Analyze    
  Name    Max Paths  Min Paths  
  ------  ---------  ---------  
  Slow    Yes        Yes        
  Fast    Yes        Yes        



check_timing report

Table of Contents
-----------------
1. checking no_clock
2. checking constant_clock
3. checking pulse_width_clock
4. checking unconstrained_internal_endpoints
5. checking no_input_delay
6. checking no_output_delay
7. checking multiple_clock
8. checking generated_clocks
9. checking loops
10. checking partial_input_delay
11. checking partial_output_delay
12. checking latch_loops

1. checking no_clock
--------------------
 There are 0 register/latch pins with no clock.


2. checking constant_clock
--------------------------
 There are 0 register/latch pins with constant_clock.


3. checking pulse_width_clock
-----------------------------
 There are 0 register/latch pins which need pulse_width check


4. checking unconstrained_internal_endpoints
--------------------------------------------
 There are 0 pins that are not constrained for maximum delay.

 There are 0 pins that are not constrained for maximum delay due to constant clock.


5. checking no_input_delay
--------------------------
 There is 1 input port with no input delay specified. (HIGH)

 There are 0 input ports with no input delay but user has a false path constraint.


6. checking no_output_delay
---------------------------
 There are 11 ports with no output delay specified. (HIGH)

 There are 0 ports with no output delay but user has a false path constraint

 There are 0 ports with no output delay but with a timing clock defined on it or propagating through it


7. checking multiple_clock
--------------------------
 There are 0 register/latch pins with multiple clocks.


8. checking generated_clocks
----------------------------
 There are 0 generated clocks that are not connected to a clock source.


9. checking loops
-----------------
 There are 0 combinational loops in the design.


10. checking partial_input_delay
--------------------------------
 There are 0 input ports with partial input delay specified.


11. checking partial_output_delay
---------------------------------
 There are 0 ports with partial output delay specified.


12. checking latch_loops
------------------------
 There are 0 combinational latch loops in the design through latch input



------------------------------------------------------------------------------------------------
| Design Timing Summary
| ---------------------
------------------------------------------------------------------------------------------------

    WNS(ns)      TNS(ns)  TNS Failing Endpoints  TNS Total Endpoints      WHS(ns)      THS(ns)  THS Failing Endpoints  THS Total Endpoints     WPWS(ns)     TPWS(ns)  TPWS Failing Endpoints  TPWS Total Endpoints  
    -------      -------  ---------------------  -------------------      -------      -------  ---------------------  -------------------     --------     --------  ----------------------  --------------------  
      3.187        0.000                      0                  108        0.168        0.000                      0                  108        4.500        0.000                       0                    70  


All user specified timing constraints are met.


------------------------------------------------------------------------------------------------
| Clock Summary
| -------------
------------------------------------------------------------------------------------------------

Clock        Waveform(ns)       Period(ns)      Frequency(MHz)
-----        ------------       ----------      --------------
sys_clk_pin  {0.000 5.000}      10.000          100.000         


------------------------------------------------------------------------------------------------
| Intra Clock Table
| -----------------
------------------------------------------------------------------------------------------------

Clock             WNS(ns)      TNS(ns)  TNS Failing Endpoints  TNS Total Endpoints      WHS(ns)      THS(ns)  THS Failing Endpoints  THS Total Endpoints     WPWS(ns)     TPWS(ns)  TPWS Failing Endpoints  TPWS Total Endpoints  
-----             -------      -------  ---------------------  -------------------      -------      -------  ---------------------  -------------------     --------     --------  ----------------------  --------------------  
sys_clk_pin         3.187        0.000                      0                  108        0.168        0.000                      0                  108        4.500        0.000                       0                    70  


------------------------------------------------------------------------------------------------
| Inter Clock Table
| -----------------
------------------------------------------------------------------------------------------------

From Clock    To Clock          WNS(ns)      TNS(ns)  TNS Failing Endpoints  TNS Total Endpoints      WHS(ns)      THS(ns)  THS Failing Endpoints  THS Total Endpoints  
----------    --------          -------      -------  ---------------------  -------------------      -------      -------  ---------------------  -------------------  


------------------------------------------------------------------------------------------------
| Other Path Groups Table
| -----------------------
------------------------------------------------------------------------------------------------

Path Group    From Clock    To Clock          WNS(ns)      TNS(ns)  TNS Failing Endpoints  TNS Total Endpoints      WHS(ns)      THS(ns)  THS Failing Endpoints  THS Total Endpoints  
----------    ----------    --------          -------      -------  ---------------------  -------------------      -------      -------  ---------------------  -------------------  


------------------------------------------------------------------------------------------------
| Timing Details
| --------------
------------------------------------------------------------------------------------------------


---------------------------------------------------------------------------------------------------
From Clock:  sys_clk_pin
  To Clock:  sys_clk_pin

Setup :            0  Failing Endpoints,  Worst Slack        3.187ns,  Total Violation        0.000ns
Hold  :            0  Failing Endpoints,  Worst Slack        0.168ns,  Total Violation        0.000ns
PW    :            0  Failing Endpoints,  Worst Slack        4.500ns,  Total Violation        0.000ns
---------------------------------------------------------------------------------------------------


Max Delay Paths
--------------------------------------------------------------------------------------
Slack (MET) :             3.187ns  (required time - arrival time)
  Source:                 btn0/ed/ff_cur_reg/C
                            (falling edge-triggered cell FDCE clocked by sys_clk_pin  {rise@0.000ns fall@5.000ns period=10.000ns})
  Destination:            fnd/rc/com_reg[0]/CE
                            (rising edge-triggered cell FDCE clocked by sys_clk_pin  {rise@0.000ns fall@5.000ns period=10.000ns})
  Path Group:             sys_clk_pin
  Path Type:              Setup (Max at Slow Process Corner)
  Requirement:            5.000ns  (sys_clk_pin rise@10.000ns - sys_clk_pin fall@5.000ns)
  Data Path Delay:        1.583ns  (logic 0.583ns (36.823%)  route 1.000ns (63.177%))
  Logic Levels:           1  (LUT2=1)
  Clock Path Skew:        -0.025ns (DCD - SCD + CPR)
    Destination Clock Delay (DCD):    4.843ns = ( 14.843 - 10.000 ) 
    Source Clock Delay      (SCD):    5.142ns = ( 10.142 - 5.000 ) 
    Clock Pessimism Removal (CPR):    0.274ns
  Clock Uncertainty:      0.035ns  ((TSJ^2 + TIJ^2)^1/2 + DJ) / 2 + PE
    Total System Jitter     (TSJ):    0.071ns
    Total Input Jitter      (TIJ):    0.000ns
    Discrete Jitter          (DJ):    0.000ns
    Phase Error              (PE):    0.000ns

    Location             Delay type                Incr(ns)  Path(ns)    Netlist Resource(s)
  -------------------------------------------------------------------    -------------------
                         (clock sys_clk_pin fall edge)
                                                      5.000     5.000 f  
    W5                                                0.000     5.000 f  clk (IN)
                         net (fo=0)                   0.000     5.000    clk
    W5                   IBUF (Prop_ibuf_I_O)         1.458     6.458 f  clk_IBUF_inst/O
                         net (fo=1, routed)           1.967     8.425    clk_IBUF
    BUFGCTRL_X0Y0        BUFG (Prop_bufg_I_O)         0.096     8.521 f  clk_IBUF_BUFG_inst/O
                         net (fo=69, routed)          1.621    10.142    btn0/ed/clk_IBUF_BUFG
    SLICE_X62Y27         FDCE                                         r  btn0/ed/ff_cur_reg/C  (IS_INVERTED)
  -------------------------------------------------------------------    -------------------
    SLICE_X62Y27         FDCE (Prop_fdce_C_Q)         0.459    10.601 f  btn0/ed/ff_cur_reg/Q
                         net (fo=2, routed)           0.522    11.123    btn0/ed/fnd/rc/ed/p_0_in[1]
    SLICE_X62Y27         LUT2 (Prop_lut2_I1_O)        0.124    11.247 r  btn0/ed/com[3]_i_1/O
                         net (fo=5, routed)           0.479    11.726    fnd/rc/E[0]
    SLICE_X64Y25         FDCE                                         r  fnd/rc/com_reg[0]/CE
  -------------------------------------------------------------------    -------------------

                         (clock sys_clk_pin rise edge)
                                                     10.000    10.000 r  
    W5                                                0.000    10.000 r  clk (IN)
                         net (fo=0)                   0.000    10.000    clk
    W5                   IBUF (Prop_ibuf_I_O)         1.388    11.388 r  clk_IBUF_inst/O
                         net (fo=1, routed)           1.862    13.250    clk_IBUF
    BUFGCTRL_X0Y0        BUFG (Prop_bufg_I_O)         0.091    13.341 r  clk_IBUF_BUFG_inst/O
                         net (fo=69, routed)          1.502    14.843    fnd/rc/clk_IBUF_BUFG
    SLICE_X64Y25         FDCE                                         r  fnd/rc/com_reg[0]/C
                         clock pessimism              0.274    15.117    
                         clock uncertainty           -0.035    15.082    
    SLICE_X64Y25         FDCE (Setup_fdce_C_CE)      -0.169    14.913    fnd/rc/com_reg[0]
  -------------------------------------------------------------------
                         required time                         14.913    
                         arrival time                         -11.726    
  -------------------------------------------------------------------
                         slack                                  3.187    

Slack (MET) :             3.187ns  (required time - arrival time)
  Source:                 btn0/ed/ff_cur_reg/C
                            (falling edge-triggered cell FDCE clocked by sys_clk_pin  {rise@0.000ns fall@5.000ns period=10.000ns})
  Destination:            fnd/rc/com_reg[3]/CE
                            (rising edge-triggered cell FDPE clocked by sys_clk_pin  {rise@0.000ns fall@5.000ns period=10.000ns})
  Path Group:             sys_clk_pin
  Path Type:              Setup (Max at Slow Process Corner)
  Requirement:            5.000ns  (sys_clk_pin rise@10.000ns - sys_clk_pin fall@5.000ns)
  Data Path Delay:        1.583ns  (logic 0.583ns (36.823%)  route 1.000ns (63.177%))
  Logic Levels:           1  (LUT2=1)
  Clock Path Skew:        -0.025ns (DCD - SCD + CPR)
    Destination Clock Delay (DCD):    4.843ns = ( 14.843 - 10.000 ) 
    Source Clock Delay      (SCD):    5.142ns = ( 10.142 - 5.000 ) 
    Clock Pessimism Removal (CPR):    0.274ns
  Clock Uncertainty:      0.035ns  ((TSJ^2 + TIJ^2)^1/2 + DJ) / 2 + PE
    Total System Jitter     (TSJ):    0.071ns
    Total Input Jitter      (TIJ):    0.000ns
    Discrete Jitter          (DJ):    0.000ns
    Phase Error              (PE):    0.000ns

    Location             Delay type                Incr(ns)  Path(ns)    Netlist Resource(s)
  -------------------------------------------------------------------    -------------------
                         (clock sys_clk_pin fall edge)
                                                      5.000     5.000 f  
    W5                                                0.000     5.000 f  clk (IN)
                         net (fo=0)                   0.000     5.000    clk
    W5                   IBUF (Prop_ibuf_I_O)         1.458     6.458 f  clk_IBUF_inst/O
                         net (fo=1, routed)           1.967     8.425    clk_IBUF
    BUFGCTRL_X0Y0        BUFG (Prop_bufg_I_O)         0.096     8.521 f  clk_IBUF_BUFG_inst/O
                         net (fo=69, routed)          1.621    10.142    btn0/ed/clk_IBUF_BUFG
    SLICE_X62Y27         FDCE                                         r  btn0/ed/ff_cur_reg/C  (IS_INVERTED)
  -------------------------------------------------------------------    -------------------
    SLICE_X62Y27         FDCE (Prop_fdce_C_Q)         0.459    10.601 f  btn0/ed/ff_cur_reg/Q
                         net (fo=2, routed)           0.522    11.123    btn0/ed/fnd/rc/ed/p_0_in[1]
    SLICE_X62Y27         LUT2 (Prop_lut2_I1_O)        0.124    11.247 r  btn0/ed/com[3]_i_1/O
                         net (fo=5, routed)           0.479    11.726    fnd/rc/E[0]
    SLICE_X64Y25         FDPE                                         r  fnd/rc/com_reg[3]/CE
  -------------------------------------------------------------------    -------------------

                         (clock sys_clk_pin rise edge)
                                                     10.000    10.000 r  
    W5                                                0.000    10.000 r  clk (IN)
                         net (fo=0)                   0.000    10.000    clk
    W5                   IBUF (Prop_ibuf_I_O)         1.388    11.388 r  clk_IBUF_inst/O
                         net (fo=1, routed)           1.862    13.250    clk_IBUF
    BUFGCTRL_X0Y0        BUFG (Prop_bufg_I_O)         0.091    13.341 r  clk_IBUF_BUFG_inst/O
                         net (fo=69, routed)          1.502    14.843    fnd/rc/clk_IBUF_BUFG
    SLICE_X64Y25         FDPE                                         r  fnd/rc/com_reg[3]/C
                         clock pessimism              0.274    15.117    
                         clock uncertainty           -0.035    15.082    
    SLICE_X64Y25         FDPE (Setup_fdpe_C_CE)      -0.169    14.913    fnd/rc/com_reg[3]
  -------------------------------------------------------------------
                         required time                         14.913    
                         arrival time                         -11.726    
  -------------------------------------------------------------------
                         slack                                  3.187    

Slack (MET) :             3.187ns  (required time - arrival time)
  Source:                 btn0/ed/ff_cur_reg/C
                            (falling edge-triggered cell FDCE clocked by sys_clk_pin  {rise@0.000ns fall@5.000ns period=10.000ns})
  Destination:            fnd/rc/com_reg[3]_lopt_replica/CE
                            (rising edge-triggered cell FDPE clocked by sys_clk_pin  {rise@0.000ns fall@5.000ns period=10.000ns})
  Path Group:             sys_clk_pin
  Path Type:              Setup (Max at Slow Process Corner)
  Requirement:            5.000ns  (sys_clk_pin rise@10.000ns - sys_clk_pin fall@5.000ns)
  Data Path Delay:        1.583ns  (logic 0.583ns (36.823%)  route 1.000ns (63.177%))
  Logic Levels:           1  (LUT2=1)
  Clock Path Skew:        -0.025ns (DCD - SCD + CPR)
    Destination Clock Delay (DCD):    4.843ns = ( 14.843 - 10.000 ) 
    Source Clock Delay      (SCD):    5.142ns = ( 10.142 - 5.000 ) 
    Clock Pessimism Removal (CPR):    0.274ns
  Clock Uncertainty:      0.035ns  ((TSJ^2 + TIJ^2)^1/2 + DJ) / 2 + PE
    Total System Jitter     (TSJ):    0.071ns
    Total Input Jitter      (TIJ):    0.000ns
    Discrete Jitter          (DJ):    0.000ns
    Phase Error              (PE):    0.000ns

    Location             Delay type                Incr(ns)  Path(ns)    Netlist Resource(s)
  -------------------------------------------------------------------    -------------------
                         (clock sys_clk_pin fall edge)
                                                      5.000     5.000 f  
    W5                                                0.000     5.000 f  clk (IN)
                         net (fo=0)                   0.000     5.000    clk
    W5                   IBUF (Prop_ibuf_I_O)         1.458     6.458 f  clk_IBUF_inst/O
                         net (fo=1, routed)           1.967     8.425    clk_IBUF
    BUFGCTRL_X0Y0        BUFG (Prop_bufg_I_O)         0.096     8.521 f  clk_IBUF_BUFG_inst/O
                         net (fo=69, routed)          1.621    10.142    btn0/ed/clk_IBUF_BUFG
    SLICE_X62Y27         FDCE                                         r  btn0/ed/ff_cur_reg/C  (IS_INVERTED)
  -------------------------------------------------------------------    -------------------
    SLICE_X62Y27         FDCE (Prop_fdce_C_Q)         0.459    10.601 f  btn0/ed/ff_cur_reg/Q
                         net (fo=2, routed)           0.522    11.123    btn0/ed/fnd/rc/ed/p_0_in[1]
    SLICE_X62Y27         LUT2 (Prop_lut2_I1_O)        0.124    11.247 r  btn0/ed/com[3]_i_1/O
                         net (fo=5, routed)           0.479    11.726    fnd/rc/E[0]
    SLICE_X64Y25         FDPE                                         r  fnd/rc/com_reg[3]_lopt_replica/CE
  -------------------------------------------------------------------    -------------------

                         (clock sys_clk_pin rise edge)
                                                     10.000    10.000 r  
    W5                                                0.000    10.000 r  clk (IN)
                         net (fo=0)                   0.000    10.000    clk
    W5                   IBUF (Prop_ibuf_I_O)         1.388    11.388 r  clk_IBUF_inst/O
                         net (fo=1, routed)           1.862    13.250    clk_IBUF
    BUFGCTRL_X0Y0        BUFG (Prop_bufg_I_O)         0.091    13.341 r  clk_IBUF_BUFG_inst/O
                         net (fo=69, routed)          1.502    14.843    fnd/rc/clk_IBUF_BUFG
    SLICE_X64Y25         FDPE                                         r  fnd/rc/com_reg[3]_lopt_replica/C
                         clock pessimism              0.274    15.117    
                         clock uncertainty           -0.035    15.082    
    SLICE_X64Y25         FDPE (Setup_fdpe_C_CE)      -0.169    14.913    fnd/rc/com_reg[3]_lopt_replica
  -------------------------------------------------------------------
                         required time                         14.913    
                         arrival time                         -11.726    
  -------------------------------------------------------------------
                         slack                                  3.187    

Slack (MET) :             3.193ns  (required time - arrival time)
  Source:                 btn0/ed/ff_cur_reg/C
                            (falling edge-triggered cell FDCE clocked by sys_clk_pin  {rise@0.000ns fall@5.000ns period=10.000ns})
  Destination:            fnd/rc/com_reg[1]/CE
                            (rising edge-triggered cell FDPE clocked by sys_clk_pin  {rise@0.000ns fall@5.000ns period=10.000ns})
  Path Group:             sys_clk_pin
  Path Type:              Setup (Max at Slow Process Corner)
  Requirement:            5.000ns  (sys_clk_pin rise@10.000ns - sys_clk_pin fall@5.000ns)
  Data Path Delay:        1.580ns  (logic 0.583ns (36.898%)  route 0.997ns (63.102%))
  Logic Levels:           1  (LUT2=1)
  Clock Path Skew:        -0.023ns (DCD - SCD + CPR)
    Destination Clock Delay (DCD):    4.845ns = ( 14.845 - 10.000 ) 
    Source Clock Delay      (SCD):    5.142ns = ( 10.142 - 5.000 ) 
    Clock Pessimism Removal (CPR):    0.274ns
  Clock Uncertainty:      0.035ns  ((TSJ^2 + TIJ^2)^1/2 + DJ) / 2 + PE
    Total System Jitter     (TSJ):    0.071ns
    Total Input Jitter      (TIJ):    0.000ns
    Discrete Jitter          (DJ):    0.000ns
    Phase Error              (PE):    0.000ns

    Location             Delay type                Incr(ns)  Path(ns)    Netlist Resource(s)
  -------------------------------------------------------------------    -------------------
                         (clock sys_clk_pin fall edge)
                                                      5.000     5.000 f  
    W5                                                0.000     5.000 f  clk (IN)
                         net (fo=0)                   0.000     5.000    clk
    W5                   IBUF (Prop_ibuf_I_O)         1.458     6.458 f  clk_IBUF_inst/O
                         net (fo=1, routed)           1.967     8.425    clk_IBUF
    BUFGCTRL_X0Y0        BUFG (Prop_bufg_I_O)         0.096     8.521 f  clk_IBUF_BUFG_inst/O
                         net (fo=69, routed)          1.621    10.142    btn0/ed/clk_IBUF_BUFG
    SLICE_X62Y27         FDCE                                         r  btn0/ed/ff_cur_reg/C  (IS_INVERTED)
  -------------------------------------------------------------------    -------------------
    SLICE_X62Y27         FDCE (Prop_fdce_C_Q)         0.459    10.601 f  btn0/ed/ff_cur_reg/Q
                         net (fo=2, routed)           0.522    11.123    btn0/ed/fnd/rc/ed/p_0_in[1]
    SLICE_X62Y27         LUT2 (Prop_lut2_I1_O)        0.124    11.247 r  btn0/ed/com[3]_i_1/O
                         net (fo=5, routed)           0.475    11.722    fnd/rc/E[0]
    SLICE_X64Y26         FDPE                                         r  fnd/rc/com_reg[1]/CE
  -------------------------------------------------------------------    -------------------

                         (clock sys_clk_pin rise edge)
                                                     10.000    10.000 r  
    W5                                                0.000    10.000 r  clk (IN)
                         net (fo=0)                   0.000    10.000    clk
    W5                   IBUF (Prop_ibuf_I_O)         1.388    11.388 r  clk_IBUF_inst/O
                         net (fo=1, routed)           1.862    13.250    clk_IBUF
    BUFGCTRL_X0Y0        BUFG (Prop_bufg_I_O)         0.091    13.341 r  clk_IBUF_BUFG_inst/O
                         net (fo=69, routed)          1.504    14.845    fnd/rc/clk_IBUF_BUFG
    SLICE_X64Y26         FDPE                                         r  fnd/rc/com_reg[1]/C
                         clock pessimism              0.274    15.119    
                         clock uncertainty           -0.035    15.084    
    SLICE_X64Y26         FDPE (Setup_fdpe_C_CE)      -0.169    14.915    fnd/rc/com_reg[1]
  -------------------------------------------------------------------
                         required time                         14.915    
                         arrival time                         -11.722    
  -------------------------------------------------------------------
                         slack                                  3.193    

Slack (MET) :             3.193ns  (required time - arrival time)
  Source:                 btn0/ed/ff_cur_reg/C
                            (falling edge-triggered cell FDCE clocked by sys_clk_pin  {rise@0.000ns fall@5.000ns period=10.000ns})
  Destination:            fnd/rc/com_reg[2]/CE
                            (rising edge-triggered cell FDPE clocked by sys_clk_pin  {rise@0.000ns fall@5.000ns period=10.000ns})
  Path Group:             sys_clk_pin
  Path Type:              Setup (Max at Slow Process Corner)
  Requirement:            5.000ns  (sys_clk_pin rise@10.000ns - sys_clk_pin fall@5.000ns)
  Data Path Delay:        1.580ns  (logic 0.583ns (36.898%)  route 0.997ns (63.102%))
  Logic Levels:           1  (LUT2=1)
  Clock Path Skew:        -0.023ns (DCD - SCD + CPR)
    Destination Clock Delay (DCD):    4.845ns = ( 14.845 - 10.000 ) 
    Source Clock Delay      (SCD):    5.142ns = ( 10.142 - 5.000 ) 
    Clock Pessimism Removal (CPR):    0.274ns
  Clock Uncertainty:      0.035ns  ((TSJ^2 + TIJ^2)^1/2 + DJ) / 2 + PE
    Total System Jitter     (TSJ):    0.071ns
    Total Input Jitter      (TIJ):    0.000ns
    Discrete Jitter          (DJ):    0.000ns
    Phase Error              (PE):    0.000ns

    Location             Delay type                Incr(ns)  Path(ns)    Netlist Resource(s)
  -------------------------------------------------------------------    -------------------
                         (clock sys_clk_pin fall edge)
                                                      5.000     5.000 f  
    W5                                                0.000     5.000 f  clk (IN)
                         net (fo=0)                   0.000     5.000    clk
    W5                   IBUF (Prop_ibuf_I_O)         1.458     6.458 f  clk_IBUF_inst/O
                         net (fo=1, routed)           1.967     8.425    clk_IBUF
    BUFGCTRL_X0Y0        BUFG (Prop_bufg_I_O)         0.096     8.521 f  clk_IBUF_BUFG_inst/O
                         net (fo=69, routed)          1.621    10.142    btn0/ed/clk_IBUF_BUFG
    SLICE_X62Y27         FDCE                                         r  btn0/ed/ff_cur_reg/C  (IS_INVERTED)
  -------------------------------------------------------------------    -------------------
    SLICE_X62Y27         FDCE (Prop_fdce_C_Q)         0.459    10.601 f  btn0/ed/ff_cur_reg/Q
                         net (fo=2, routed)           0.522    11.123    btn0/ed/fnd/rc/ed/p_0_in[1]
    SLICE_X62Y27         LUT2 (Prop_lut2_I1_O)        0.124    11.247 r  btn0/ed/com[3]_i_1/O
                         net (fo=5, routed)           0.475    11.722    fnd/rc/E[0]
    SLICE_X64Y26         FDPE                                         r  fnd/rc/com_reg[2]/CE
  -------------------------------------------------------------------    -------------------

                         (clock sys_clk_pin rise edge)
                                                     10.000    10.000 r  
    W5                                                0.000    10.000 r  clk (IN)
                         net (fo=0)                   0.000    10.000    clk
    W5                   IBUF (Prop_ibuf_I_O)         1.388    11.388 r  clk_IBUF_inst/O
                         net (fo=1, routed)           1.862    13.250    clk_IBUF
    BUFGCTRL_X0Y0        BUFG (Prop_bufg_I_O)         0.091    13.341 r  clk_IBUF_BUFG_inst/O
                         net (fo=69, routed)          1.504    14.845    fnd/rc/clk_IBUF_BUFG
    SLICE_X64Y26         FDPE                                         r  fnd/rc/com_reg[2]/C
                         clock pessimism              0.274    15.119    
                         clock uncertainty           -0.035    15.084    
    SLICE_X64Y26         FDPE (Setup_fdpe_C_CE)      -0.169    14.915    fnd/rc/com_reg[2]
  -------------------------------------------------------------------
                         required time                         14.915    
                         arrival time                         -11.722    
  -------------------------------------------------------------------
                         slack                                  3.193    

Slack (MET) :             3.204ns  (required time - arrival time)
  Source:                 ed_clk/ff_cur_reg/C
                            (falling edge-triggered cell FDCE clocked by sys_clk_pin  {rise@0.000ns fall@5.000ns period=10.000ns})
  Destination:            count_reg[2]/CE
                            (rising edge-triggered cell FDPE clocked by sys_clk_pin  {rise@0.000ns fall@5.000ns period=10.000ns})
  Path Group:             sys_clk_pin
  Path Type:              Setup (Max at Slow Process Corner)
  Requirement:            5.000ns  (sys_clk_pin rise@10.000ns - sys_clk_pin fall@5.000ns)
  Data Path Delay:        1.568ns  (logic 0.583ns (37.183%)  route 0.985ns (62.817%))
  Logic Levels:           1  (LUT2=1)
  Clock Path Skew:        -0.024ns (DCD - SCD + CPR)
    Destination Clock Delay (DCD):    4.843ns = ( 14.843 - 10.000 ) 
    Source Clock Delay      (SCD):    5.141ns = ( 10.141 - 5.000 ) 
    Clock Pessimism Removal (CPR):    0.274ns
  Clock Uncertainty:      0.035ns  ((TSJ^2 + TIJ^2)^1/2 + DJ) / 2 + PE
    Total System Jitter     (TSJ):    0.071ns
    Total Input Jitter      (TIJ):    0.000ns
    Discrete Jitter          (DJ):    0.000ns
    Phase Error              (PE):    0.000ns

    Location             Delay type                Incr(ns)  Path(ns)    Netlist Resource(s)
  -------------------------------------------------------------------    -------------------
                         (clock sys_clk_pin fall edge)
                                                      5.000     5.000 f  
    W5                                                0.000     5.000 f  clk (IN)
                         net (fo=0)                   0.000     5.000    clk
    W5                   IBUF (Prop_ibuf_I_O)         1.458     6.458 f  clk_IBUF_inst/O
                         net (fo=1, routed)           1.967     8.425    clk_IBUF
    BUFGCTRL_X0Y0        BUFG (Prop_bufg_I_O)         0.096     8.521 f  clk_IBUF_BUFG_inst/O
                         net (fo=69, routed)          1.620    10.141    ed_clk/clk_IBUF_BUFG
    SLICE_X63Y23         FDCE                                         r  ed_clk/ff_cur_reg/C  (IS_INVERTED)
  -------------------------------------------------------------------    -------------------
    SLICE_X63Y23         FDCE (Prop_fdce_C_Q)         0.459    10.600 f  ed_clk/ff_cur_reg/Q
                         net (fo=2, routed)           0.510    11.111    ed_clk/p_0_in[1]
    SLICE_X63Y23         LUT2 (Prop_lut2_I1_O)        0.124    11.235 r  ed_clk/count[5]_i_1/O
                         net (fo=6, routed)           0.475    11.709    clk_sec_n
    SLICE_X64Y24         FDPE                                         r  count_reg[2]/CE
  -------------------------------------------------------------------    -------------------

                         (clock sys_clk_pin rise edge)
                                                     10.000    10.000 r  
    W5                                                0.000    10.000 r  clk (IN)
                         net (fo=0)                   0.000    10.000    clk
    W5                   IBUF (Prop_ibuf_I_O)         1.388    11.388 r  clk_IBUF_inst/O
                         net (fo=1, routed)           1.862    13.250    clk_IBUF
    BUFGCTRL_X0Y0        BUFG (Prop_bufg_I_O)         0.091    13.341 r  clk_IBUF_BUFG_inst/O
                         net (fo=69, routed)          1.502    14.843    clk_IBUF_BUFG
    SLICE_X64Y24         FDPE                                         r  count_reg[2]/C
                         clock pessimism              0.274    15.117    
                         clock uncertainty           -0.035    15.082    
    SLICE_X64Y24         FDPE (Setup_fdpe_C_CE)      -0.169    14.913    count_reg[2]
  -------------------------------------------------------------------
                         required time                         14.913    
                         arrival time                         -11.709    
  -------------------------------------------------------------------
                         slack                                  3.204    

Slack (MET) :             3.204ns  (required time - arrival time)
  Source:                 ed_clk/ff_cur_reg/C
                            (falling edge-triggered cell FDCE clocked by sys_clk_pin  {rise@0.000ns fall@5.000ns period=10.000ns})
  Destination:            count_reg[5]/CE
                            (rising edge-triggered cell FDPE clocked by sys_clk_pin  {rise@0.000ns fall@5.000ns period=10.000ns})
  Path Group:             sys_clk_pin
  Path Type:              Setup (Max at Slow Process Corner)
  Requirement:            5.000ns  (sys_clk_pin rise@10.000ns - sys_clk_pin fall@5.000ns)
  Data Path Delay:        1.568ns  (logic 0.583ns (37.183%)  route 0.985ns (62.817%))
  Logic Levels:           1  (LUT2=1)
  Clock Path Skew:        -0.024ns (DCD - SCD + CPR)
    Destination Clock Delay (DCD):    4.843ns = ( 14.843 - 10.000 ) 
    Source Clock Delay      (SCD):    5.141ns = ( 10.141 - 5.000 ) 
    Clock Pessimism Removal (CPR):    0.274ns
  Clock Uncertainty:      0.035ns  ((TSJ^2 + TIJ^2)^1/2 + DJ) / 2 + PE
    Total System Jitter     (TSJ):    0.071ns
    Total Input Jitter      (TIJ):    0.000ns
    Discrete Jitter          (DJ):    0.000ns
    Phase Error              (PE):    0.000ns

    Location             Delay type                Incr(ns)  Path(ns)    Netlist Resource(s)
  -------------------------------------------------------------------    -------------------
                         (clock sys_clk_pin fall edge)
                                                      5.000     5.000 f  
    W5                                                0.000     5.000 f  clk (IN)
                         net (fo=0)                   0.000     5.000    clk
    W5                   IBUF (Prop_ibuf_I_O)         1.458     6.458 f  clk_IBUF_inst/O
                         net (fo=1, routed)           1.967     8.425    clk_IBUF
    BUFGCTRL_X0Y0        BUFG (Prop_bufg_I_O)         0.096     8.521 f  clk_IBUF_BUFG_inst/O
                         net (fo=69, routed)          1.620    10.141    ed_clk/clk_IBUF_BUFG
    SLICE_X63Y23         FDCE                                         r  ed_clk/ff_cur_reg/C  (IS_INVERTED)
  -------------------------------------------------------------------    -------------------
    SLICE_X63Y23         FDCE (Prop_fdce_C_Q)         0.459    10.600 f  ed_clk/ff_cur_reg/Q
                         net (fo=2, routed)           0.510    11.111    ed_clk/p_0_in[1]
    SLICE_X63Y23         LUT2 (Prop_lut2_I1_O)        0.124    11.235 r  ed_clk/count[5]_i_1/O
                         net (fo=6, routed)           0.475    11.709    clk_sec_n
    SLICE_X64Y24         FDPE                                         r  count_reg[5]/CE
  -------------------------------------------------------------------    -------------------

                         (clock sys_clk_pin rise edge)
                                                     10.000    10.000 r  
    W5                                                0.000    10.000 r  clk (IN)
                         net (fo=0)                   0.000    10.000    clk
    W5                   IBUF (Prop_ibuf_I_O)         1.388    11.388 r  clk_IBUF_inst/O
                         net (fo=1, routed)           1.862    13.250    clk_IBUF
    BUFGCTRL_X0Y0        BUFG (Prop_bufg_I_O)         0.091    13.341 r  clk_IBUF_BUFG_inst/O
                         net (fo=69, routed)          1.502    14.843    clk_IBUF_BUFG
    SLICE_X64Y24         FDPE                                         r  count_reg[5]/C
                         clock pessimism              0.274    15.117    
                         clock uncertainty           -0.035    15.082    
    SLICE_X64Y24         FDPE (Setup_fdpe_C_CE)      -0.169    14.913    count_reg[5]
  -------------------------------------------------------------------
                         required time                         14.913    
                         arrival time                         -11.709    
  -------------------------------------------------------------------
                         slack                                  3.204    

Slack (MET) :             3.255ns  (required time - arrival time)
  Source:                 ed_clk/ff_cur_reg/C
                            (falling edge-triggered cell FDCE clocked by sys_clk_pin  {rise@0.000ns fall@5.000ns period=10.000ns})
  Destination:            count_reg[0]/CE
                            (rising edge-triggered cell FDCE clocked by sys_clk_pin  {rise@0.000ns fall@5.000ns period=10.000ns})
  Path Group:             sys_clk_pin
  Path Type:              Setup (Max at Slow Process Corner)
  Requirement:            5.000ns  (sys_clk_pin rise@10.000ns - sys_clk_pin fall@5.000ns)
  Data Path Delay:        1.467ns  (logic 0.583ns (39.743%)  route 0.884ns (60.257%))
  Logic Levels:           1  (LUT2=1)
  Clock Path Skew:        -0.038ns (DCD - SCD + CPR)
    Destination Clock Delay (DCD):    4.843ns = ( 14.843 - 10.000 ) 
    Source Clock Delay      (SCD):    5.141ns = ( 10.141 - 5.000 ) 
    Clock Pessimism Removal (CPR):    0.260ns
  Clock Uncertainty:      0.035ns  ((TSJ^2 + TIJ^2)^1/2 + DJ) / 2 + PE
    Total System Jitter     (TSJ):    0.071ns
    Total Input Jitter      (TIJ):    0.000ns
    Discrete Jitter          (DJ):    0.000ns
    Phase Error              (PE):    0.000ns

    Location             Delay type                Incr(ns)  Path(ns)    Netlist Resource(s)
  -------------------------------------------------------------------    -------------------
                         (clock sys_clk_pin fall edge)
                                                      5.000     5.000 f  
    W5                                                0.000     5.000 f  clk (IN)
                         net (fo=0)                   0.000     5.000    clk
    W5                   IBUF (Prop_ibuf_I_O)         1.458     6.458 f  clk_IBUF_inst/O
                         net (fo=1, routed)           1.967     8.425    clk_IBUF
    BUFGCTRL_X0Y0        BUFG (Prop_bufg_I_O)         0.096     8.521 f  clk_IBUF_BUFG_inst/O
                         net (fo=69, routed)          1.620    10.141    ed_clk/clk_IBUF_BUFG
    SLICE_X63Y23         FDCE                                         r  ed_clk/ff_cur_reg/C  (IS_INVERTED)
  -------------------------------------------------------------------    -------------------
    SLICE_X63Y23         FDCE (Prop_fdce_C_Q)         0.459    10.600 f  ed_clk/ff_cur_reg/Q
                         net (fo=2, routed)           0.510    11.111    ed_clk/p_0_in[1]
    SLICE_X63Y23         LUT2 (Prop_lut2_I1_O)        0.124    11.235 r  ed_clk/count[5]_i_1/O
                         net (fo=6, routed)           0.374    11.608    clk_sec_n
    SLICE_X63Y25         FDCE                                         r  count_reg[0]/CE
  -------------------------------------------------------------------    -------------------

                         (clock sys_clk_pin rise edge)
                                                     10.000    10.000 r  
    W5                                                0.000    10.000 r  clk (IN)
                         net (fo=0)                   0.000    10.000    clk
    W5                   IBUF (Prop_ibuf_I_O)         1.388    11.388 r  clk_IBUF_inst/O
                         net (fo=1, routed)           1.862    13.250    clk_IBUF
    BUFGCTRL_X0Y0        BUFG (Prop_bufg_I_O)         0.091    13.341 r  clk_IBUF_BUFG_inst/O
                         net (fo=69, routed)          1.502    14.843    clk_IBUF_BUFG
    SLICE_X63Y25         FDCE                                         r  count_reg[0]/C
                         clock pessimism              0.260    15.103    
                         clock uncertainty           -0.035    15.068    
    SLICE_X63Y25         FDCE (Setup_fdce_C_CE)      -0.205    14.863    count_reg[0]
  -------------------------------------------------------------------
                         required time                         14.863    
                         arrival time                         -11.608    
  -------------------------------------------------------------------
                         slack                                  3.255    

Slack (MET) :             3.255ns  (required time - arrival time)
  Source:                 ed_clk/ff_cur_reg/C
                            (falling edge-triggered cell FDCE clocked by sys_clk_pin  {rise@0.000ns fall@5.000ns period=10.000ns})
  Destination:            count_reg[1]/CE
                            (rising edge-triggered cell FDCE clocked by sys_clk_pin  {rise@0.000ns fall@5.000ns period=10.000ns})
  Path Group:             sys_clk_pin
  Path Type:              Setup (Max at Slow Process Corner)
  Requirement:            5.000ns  (sys_clk_pin rise@10.000ns - sys_clk_pin fall@5.000ns)
  Data Path Delay:        1.467ns  (logic 0.583ns (39.743%)  route 0.884ns (60.257%))
  Logic Levels:           1  (LUT2=1)
  Clock Path Skew:        -0.038ns (DCD - SCD + CPR)
    Destination Clock Delay (DCD):    4.843ns = ( 14.843 - 10.000 ) 
    Source Clock Delay      (SCD):    5.141ns = ( 10.141 - 5.000 ) 
    Clock Pessimism Removal (CPR):    0.260ns
  Clock Uncertainty:      0.035ns  ((TSJ^2 + TIJ^2)^1/2 + DJ) / 2 + PE
    Total System Jitter     (TSJ):    0.071ns
    Total Input Jitter      (TIJ):    0.000ns
    Discrete Jitter          (DJ):    0.000ns
    Phase Error              (PE):    0.000ns

    Location             Delay type                Incr(ns)  Path(ns)    Netlist Resource(s)
  -------------------------------------------------------------------    -------------------
                         (clock sys_clk_pin fall edge)
                                                      5.000     5.000 f  
    W5                                                0.000     5.000 f  clk (IN)
                         net (fo=0)                   0.000     5.000    clk
    W5                   IBUF (Prop_ibuf_I_O)         1.458     6.458 f  clk_IBUF_inst/O
                         net (fo=1, routed)           1.967     8.425    clk_IBUF
    BUFGCTRL_X0Y0        BUFG (Prop_bufg_I_O)         0.096     8.521 f  clk_IBUF_BUFG_inst/O
                         net (fo=69, routed)          1.620    10.141    ed_clk/clk_IBUF_BUFG
    SLICE_X63Y23         FDCE                                         r  ed_clk/ff_cur_reg/C  (IS_INVERTED)
  -------------------------------------------------------------------    -------------------
    SLICE_X63Y23         FDCE (Prop_fdce_C_Q)         0.459    10.600 f  ed_clk/ff_cur_reg/Q
                         net (fo=2, routed)           0.510    11.111    ed_clk/p_0_in[1]
    SLICE_X63Y23         LUT2 (Prop_lut2_I1_O)        0.124    11.235 r  ed_clk/count[5]_i_1/O
                         net (fo=6, routed)           0.374    11.608    clk_sec_n
    SLICE_X63Y25         FDCE                                         r  count_reg[1]/CE
  -------------------------------------------------------------------    -------------------

                         (clock sys_clk_pin rise edge)
                                                     10.000    10.000 r  
    W5                                                0.000    10.000 r  clk (IN)
                         net (fo=0)                   0.000    10.000    clk
    W5                   IBUF (Prop_ibuf_I_O)         1.388    11.388 r  clk_IBUF_inst/O
                         net (fo=1, routed)           1.862    13.250    clk_IBUF
    BUFGCTRL_X0Y0        BUFG (Prop_bufg_I_O)         0.091    13.341 r  clk_IBUF_BUFG_inst/O
                         net (fo=69, routed)          1.502    14.843    clk_IBUF_BUFG
    SLICE_X63Y25         FDCE                                         r  count_reg[1]/C
                         clock pessimism              0.260    15.103    
                         clock uncertainty           -0.035    15.068    
    SLICE_X63Y25         FDCE (Setup_fdce_C_CE)      -0.205    14.863    count_reg[1]
  -------------------------------------------------------------------
                         required time                         14.863    
                         arrival time                         -11.608    
  -------------------------------------------------------------------
                         slack                                  3.255    

Slack (MET) :             3.255ns  (required time - arrival time)
  Source:                 ed_clk/ff_cur_reg/C
                            (falling edge-triggered cell FDCE clocked by sys_clk_pin  {rise@0.000ns fall@5.000ns period=10.000ns})
  Destination:            count_reg[3]/CE
                            (rising edge-triggered cell FDPE clocked by sys_clk_pin  {rise@0.000ns fall@5.000ns period=10.000ns})
  Path Group:             sys_clk_pin
  Path Type:              Setup (Max at Slow Process Corner)
  Requirement:            5.000ns  (sys_clk_pin rise@10.000ns - sys_clk_pin fall@5.000ns)
  Data Path Delay:        1.467ns  (logic 0.583ns (39.743%)  route 0.884ns (60.257%))
  Logic Levels:           1  (LUT2=1)
  Clock Path Skew:        -0.038ns (DCD - SCD + CPR)
    Destination Clock Delay (DCD):    4.843ns = ( 14.843 - 10.000 ) 
    Source Clock Delay      (SCD):    5.141ns = ( 10.141 - 5.000 ) 
    Clock Pessimism Removal (CPR):    0.260ns
  Clock Uncertainty:      0.035ns  ((TSJ^2 + TIJ^2)^1/2 + DJ) / 2 + PE
    Total System Jitter     (TSJ):    0.071ns
    Total Input Jitter      (TIJ):    0.000ns
    Discrete Jitter          (DJ):    0.000ns
    Phase Error              (PE):    0.000ns

    Location             Delay type                Incr(ns)  Path(ns)    Netlist Resource(s)
  -------------------------------------------------------------------    -------------------
                         (clock sys_clk_pin fall edge)
                                                      5.000     5.000 f  
    W5                                                0.000     5.000 f  clk (IN)
                         net (fo=0)                   0.000     5.000    clk
    W5                   IBUF (Prop_ibuf_I_O)         1.458     6.458 f  clk_IBUF_inst/O
                         net (fo=1, routed)           1.967     8.425    clk_IBUF
    BUFGCTRL_X0Y0        BUFG (Prop_bufg_I_O)         0.096     8.521 f  clk_IBUF_BUFG_inst/O
                         net (fo=69, routed)          1.620    10.141    ed_clk/clk_IBUF_BUFG
    SLICE_X63Y23         FDCE                                         r  ed_clk/ff_cur_reg/C  (IS_INVERTED)
  -------------------------------------------------------------------    -------------------
    SLICE_X63Y23         FDCE (Prop_fdce_C_Q)         0.459    10.600 f  ed_clk/ff_cur_reg/Q
                         net (fo=2, routed)           0.510    11.111    ed_clk/p_0_in[1]
    SLICE_X63Y23         LUT2 (Prop_lut2_I1_O)        0.124    11.235 r  ed_clk/count[5]_i_1/O
                         net (fo=6, routed)           0.374    11.608    clk_sec_n
    SLICE_X63Y25         FDPE                                         r  count_reg[3]/CE
  -------------------------------------------------------------------    -------------------

                         (clock sys_clk_pin rise edge)
                                                     10.000    10.000 r  
    W5                                                0.000    10.000 r  clk (IN)
                         net (fo=0)                   0.000    10.000    clk
    W5                   IBUF (Prop_ibuf_I_O)         1.388    11.388 r  clk_IBUF_inst/O
                         net (fo=1, routed)           1.862    13.250    clk_IBUF
    BUFGCTRL_X0Y0        BUFG (Prop_bufg_I_O)         0.091    13.341 r  clk_IBUF_BUFG_inst/O
                         net (fo=69, routed)          1.502    14.843    clk_IBUF_BUFG
    SLICE_X63Y25         FDPE                                         r  count_reg[3]/C
                         clock pessimism              0.260    15.103    
                         clock uncertainty           -0.035    15.068    
    SLICE_X63Y25         FDPE (Setup_fdpe_C_CE)      -0.205    14.863    count_reg[3]
  -------------------------------------------------------------------
                         required time                         14.863    
                         arrival time                         -11.608    
  -------------------------------------------------------------------
                         slack                                  3.255    





Min Delay Paths
--------------------------------------------------------------------------------------
Slack (MET) :             0.168ns  (arrival time - required time)
  Source:                 clk_s/cnt_clksource_reg[9]/C
                            (falling edge-triggered cell FDCE clocked by sys_clk_pin  {rise@0.000ns fall@5.000ns period=10.000ns})
  Destination:            clk_s/ed2/ff_cur_reg/D
                            (falling edge-triggered cell FDCE clocked by sys_clk_pin  {rise@0.000ns fall@5.000ns period=10.000ns})
  Path Group:             sys_clk_pin
  Path Type:              Hold (Min at Fast Process Corner)
  Requirement:            0.000ns  (sys_clk_pin fall@5.000ns - sys_clk_pin fall@5.000ns)
  Data Path Delay:        0.279ns  (logic 0.191ns (68.436%)  route 0.088ns (31.564%))
  Logic Levels:           1  (LUT6=1)
  Clock Path Skew:        0.013ns (DCD - SCD - CPR)
    Destination Clock Delay (DCD):    1.977ns = ( 6.977 - 5.000 ) 
    Source Clock Delay      (SCD):    1.465ns = ( 6.465 - 5.000 ) 
    Clock Pessimism Removal (CPR):    0.499ns

    Location             Delay type                Incr(ns)  Path(ns)    Netlist Resource(s)
  -------------------------------------------------------------------    -------------------
                         (clock sys_clk_pin fall edge)
                                                      5.000     5.000 f  
    W5                                                0.000     5.000 f  clk (IN)
                         net (fo=0)                   0.000     5.000    clk
    W5                   IBUF (Prop_ibuf_I_O)         0.226     5.226 f  clk_IBUF_inst/O
                         net (fo=1, routed)           0.631     5.858    clk_IBUF
    BUFGCTRL_X0Y0        BUFG (Prop_bufg_I_O)         0.026     5.884 f  clk_IBUF_BUFG_inst/O
                         net (fo=69, routed)          0.582     6.465    clk_s/clk_IBUF_BUFG
    SLICE_X62Y24         FDCE                                         r  clk_s/cnt_clksource_reg[9]/C  (IS_INVERTED)
  -------------------------------------------------------------------    -------------------
    SLICE_X62Y24         FDCE (Prop_fdce_C_Q)         0.146     6.611 r  clk_s/cnt_clksource_reg[9]/Q
                         net (fo=6, routed)           0.088     6.699    clk_s/ed2/Q[7]
    SLICE_X63Y24         LUT6 (Prop_lut6_I5_O)        0.045     6.744 r  clk_s/ed2/ff_cur_i_1__1/O
                         net (fo=1, routed)           0.000     6.744    clk_s/ed2/p_0_out
    SLICE_X63Y24         FDCE                                         r  clk_s/ed2/ff_cur_reg/D
  -------------------------------------------------------------------    -------------------

                         (clock sys_clk_pin fall edge)
                                                      5.000     5.000 f  
    W5                                                0.000     5.000 f  clk (IN)
                         net (fo=0)                   0.000     5.000    clk
    W5                   IBUF (Prop_ibuf_I_O)         0.414     5.414 f  clk_IBUF_inst/O
                         net (fo=1, routed)           0.685     6.099    clk_IBUF
    BUFGCTRL_X0Y0        BUFG (Prop_bufg_I_O)         0.029     6.128 f  clk_IBUF_BUFG_inst/O
                         net (fo=69, routed)          0.850     6.977    clk_s/ed2/clk_IBUF_BUFG
    SLICE_X63Y24         FDCE                                         r  clk_s/ed2/ff_cur_reg/C  (IS_INVERTED)
                         clock pessimism             -0.499     6.478    
    SLICE_X63Y24         FDCE (Hold_fdce_C_D)         0.098     6.576    clk_s/ed2/ff_cur_reg
  -------------------------------------------------------------------
                         required time                         -6.576    
                         arrival time                           6.744    
  -------------------------------------------------------------------
                         slack                                  0.168    

Slack (MET) :             0.169ns  (arrival time - required time)
  Source:                 clk_s/ed2/ff_cur_reg/C
                            (falling edge-triggered cell FDCE clocked by sys_clk_pin  {rise@0.000ns fall@5.000ns period=10.000ns})
  Destination:            clk_s/ed2/ff_old_reg/D
                            (falling edge-triggered cell FDCE clocked by sys_clk_pin  {rise@0.000ns fall@5.000ns period=10.000ns})
  Path Group:             sys_clk_pin
  Path Type:              Hold (Min at Fast Process Corner)
  Requirement:            0.000ns  (sys_clk_pin fall@5.000ns - sys_clk_pin fall@5.000ns)
  Data Path Delay:        0.265ns  (logic 0.146ns (55.086%)  route 0.119ns (44.914%))
  Logic Levels:           0  
  Clock Path Skew:        0.014ns (DCD - SCD - CPR)
    Destination Clock Delay (DCD):    1.978ns = ( 6.978 - 5.000 ) 
    Source Clock Delay      (SCD):    1.465ns = ( 6.465 - 5.000 ) 
    Clock Pessimism Removal (CPR):    0.499ns

    Location             Delay type                Incr(ns)  Path(ns)    Netlist Resource(s)
  -------------------------------------------------------------------    -------------------
                         (clock sys_clk_pin fall edge)
                                                      5.000     5.000 f  
    W5                                                0.000     5.000 f  clk (IN)
                         net (fo=0)                   0.000     5.000    clk
    W5                   IBUF (Prop_ibuf_I_O)         0.226     5.226 f  clk_IBUF_inst/O
                         net (fo=1, routed)           0.631     5.858    clk_IBUF
    BUFGCTRL_X0Y0        BUFG (Prop_bufg_I_O)         0.026     5.884 f  clk_IBUF_BUFG_inst/O
                         net (fo=69, routed)          0.582     6.465    clk_s/ed2/clk_IBUF_BUFG
    SLICE_X63Y24         FDCE                                         r  clk_s/ed2/ff_cur_reg/C  (IS_INVERTED)
  -------------------------------------------------------------------    -------------------
    SLICE_X63Y24         FDCE (Prop_fdce_C_Q)         0.146     6.611 r  clk_s/ed2/ff_cur_reg/Q
                         net (fo=2, routed)           0.119     6.730    clk_s/ed2/p_0_in[1]
    SLICE_X63Y23         FDCE                                         r  clk_s/ed2/ff_old_reg/D
  -------------------------------------------------------------------    -------------------

                         (clock sys_clk_pin fall edge)
                                                      5.000     5.000 f  
    W5                                                0.000     5.000 f  clk (IN)
                         net (fo=0)                   0.000     5.000    clk
    W5                   IBUF (Prop_ibuf_I_O)         0.414     5.414 f  clk_IBUF_inst/O
                         net (fo=1, routed)           0.685     6.099    clk_IBUF
    BUFGCTRL_X0Y0        BUFG (Prop_bufg_I_O)         0.029     6.128 f  clk_IBUF_BUFG_inst/O
                         net (fo=69, routed)          0.851     6.978    clk_s/ed2/clk_IBUF_BUFG
    SLICE_X63Y23         FDCE                                         r  clk_s/ed2/ff_old_reg/C  (IS_INVERTED)
                         clock pessimism             -0.499     6.479    
    SLICE_X63Y23         FDCE (Hold_fdce_C_D)         0.082     6.561    clk_s/ed2/ff_old_reg
  -------------------------------------------------------------------
                         required time                         -6.561    
                         arrival time                           6.730    
  -------------------------------------------------------------------
                         slack                                  0.169    

Slack (MET) :             0.188ns  (arrival time - required time)
  Source:                 clk_s/ed2/ff_old_reg/C
                            (falling edge-triggered cell FDCE clocked by sys_clk_pin  {rise@0.000ns fall@5.000ns period=10.000ns})
  Destination:            ed_clk/ff_cur_reg/D
                            (falling edge-triggered cell FDCE clocked by sys_clk_pin  {rise@0.000ns fall@5.000ns period=10.000ns})
  Path Group:             sys_clk_pin
  Path Type:              Hold (Min at Fast Process Corner)
  Requirement:            0.000ns  (sys_clk_pin fall@5.000ns - sys_clk_pin fall@5.000ns)
  Data Path Delay:        0.286ns  (logic 0.232ns (81.003%)  route 0.054ns (18.997%))
  Logic Levels:           1  (LUT2=1)
  Clock Path Skew:        0.000ns (DCD - SCD - CPR)
    Destination Clock Delay (DCD):    1.978ns = ( 6.978 - 5.000 ) 
    Source Clock Delay      (SCD):    1.466ns = ( 6.466 - 5.000 ) 
    Clock Pessimism Removal (CPR):    0.512ns

    Location             Delay type                Incr(ns)  Path(ns)    Netlist Resource(s)
  -------------------------------------------------------------------    -------------------
                         (clock sys_clk_pin fall edge)
                                                      5.000     5.000 f  
    W5                                                0.000     5.000 f  clk (IN)
                         net (fo=0)                   0.000     5.000    clk
    W5                   IBUF (Prop_ibuf_I_O)         0.226     5.226 f  clk_IBUF_inst/O
                         net (fo=1, routed)           0.631     5.858    clk_IBUF
    BUFGCTRL_X0Y0        BUFG (Prop_bufg_I_O)         0.026     5.884 f  clk_IBUF_BUFG_inst/O
                         net (fo=69, routed)          0.583     6.466    clk_s/ed2/clk_IBUF_BUFG
    SLICE_X63Y23         FDCE                                         r  clk_s/ed2/ff_old_reg/C  (IS_INVERTED)
  -------------------------------------------------------------------    -------------------
    SLICE_X63Y23         FDCE (Prop_fdce_C_Q)         0.133     6.599 r  clk_s/ed2/ff_old_reg/Q
                         net (fo=1, routed)           0.054     6.654    clk_s/ed2/p_0_in[0]
    SLICE_X63Y23         LUT2 (Prop_lut2_I0_O)        0.099     6.753 r  clk_s/ed2/ff_cur_i_1__2/O
                         net (fo=1, routed)           0.000     6.753    ed_clk/ff_cur_reg_0
    SLICE_X63Y23         FDCE                                         r  ed_clk/ff_cur_reg/D
  -------------------------------------------------------------------    -------------------

                         (clock sys_clk_pin fall edge)
                                                      5.000     5.000 f  
    W5                                                0.000     5.000 f  clk (IN)
                         net (fo=0)                   0.000     5.000    clk
    W5                   IBUF (Prop_ibuf_I_O)         0.414     5.414 f  clk_IBUF_inst/O
                         net (fo=1, routed)           0.685     6.099    clk_IBUF
    BUFGCTRL_X0Y0        BUFG (Prop_bufg_I_O)         0.029     6.128 f  clk_IBUF_BUFG_inst/O
                         net (fo=69, routed)          0.851     6.978    ed_clk/clk_IBUF_BUFG
    SLICE_X63Y23         FDCE                                         r  ed_clk/ff_cur_reg/C  (IS_INVERTED)
                         clock pessimism             -0.512     6.466    
    SLICE_X63Y23         FDCE (Hold_fdce_C_D)         0.098     6.564    ed_clk/ff_cur_reg
  -------------------------------------------------------------------
                         required time                         -6.564    
                         arrival time                           6.753    
  -------------------------------------------------------------------
                         slack                                  0.188    

Slack (MET) :             0.189ns  (arrival time - required time)
  Source:                 clk_us/cnt_sysclk_reg[5]/C
                            (falling edge-triggered cell FDCE clocked by sys_clk_pin  {rise@0.000ns fall@5.000ns period=10.000ns})
  Destination:            clk_us/cnt_sysclk_reg[3]/D
                            (falling edge-triggered cell FDCE clocked by sys_clk_pin  {rise@0.000ns fall@5.000ns period=10.000ns})
  Path Group:             sys_clk_pin
  Path Type:              Hold (Min at Fast Process Corner)
  Requirement:            0.000ns  (sys_clk_pin fall@5.000ns - sys_clk_pin fall@5.000ns)
  Data Path Delay:        0.301ns  (logic 0.191ns (63.560%)  route 0.110ns (36.440%))
  Logic Levels:           1  (LUT6=1)
  Clock Path Skew:        0.013ns (DCD - SCD - CPR)
    Destination Clock Delay (DCD):    1.979ns = ( 6.979 - 5.000 ) 
    Source Clock Delay      (SCD):    1.467ns = ( 6.467 - 5.000 ) 
    Clock Pessimism Removal (CPR):    0.499ns

    Location             Delay type                Incr(ns)  Path(ns)    Netlist Resource(s)
  -------------------------------------------------------------------    -------------------
                         (clock sys_clk_pin fall edge)
                                                      5.000     5.000 f  
    W5                                                0.000     5.000 f  clk (IN)
                         net (fo=0)                   0.000     5.000    clk
    W5                   IBUF (Prop_ibuf_I_O)         0.226     5.226 f  clk_IBUF_inst/O
                         net (fo=1, routed)           0.631     5.858    clk_IBUF
    BUFGCTRL_X0Y0        BUFG (Prop_bufg_I_O)         0.026     5.884 f  clk_IBUF_BUFG_inst/O
                         net (fo=69, routed)          0.584     6.467    clk_us/clk_IBUF_BUFG
    SLICE_X58Y21         FDCE                                         r  clk_us/cnt_sysclk_reg[5]/C  (IS_INVERTED)
  -------------------------------------------------------------------    -------------------
    SLICE_X58Y21         FDCE (Prop_fdce_C_Q)         0.146     6.613 f  clk_us/cnt_sysclk_reg[5]/Q
                         net (fo=7, routed)           0.110     6.723    clk_us/cnt_sysclk_reg[5]
    SLICE_X59Y21         LUT6 (Prop_lut6_I4_O)        0.045     6.768 r  clk_us/cnt_sysclk[3]_i_1/O
                         net (fo=1, routed)           0.000     6.768    clk_us/p_0_in[3]
    SLICE_X59Y21         FDCE                                         r  clk_us/cnt_sysclk_reg[3]/D
  -------------------------------------------------------------------    -------------------

                         (clock sys_clk_pin fall edge)
                                                      5.000     5.000 f  
    W5                                                0.000     5.000 f  clk (IN)
                         net (fo=0)                   0.000     5.000    clk
    W5                   IBUF (Prop_ibuf_I_O)         0.414     5.414 f  clk_IBUF_inst/O
                         net (fo=1, routed)           0.685     6.099    clk_IBUF
    BUFGCTRL_X0Y0        BUFG (Prop_bufg_I_O)         0.029     6.128 f  clk_IBUF_BUFG_inst/O
                         net (fo=69, routed)          0.852     6.979    clk_us/clk_IBUF_BUFG
    SLICE_X59Y21         FDCE                                         r  clk_us/cnt_sysclk_reg[3]/C  (IS_INVERTED)
                         clock pessimism             -0.499     6.480    
    SLICE_X59Y21         FDCE (Hold_fdce_C_D)         0.099     6.579    clk_us/cnt_sysclk_reg[3]
  -------------------------------------------------------------------
                         required time                         -6.579    
                         arrival time                           6.768    
  -------------------------------------------------------------------
                         slack                                  0.189    

Slack (MET) :             0.189ns  (arrival time - required time)
  Source:                 clk_us/cnt_sysclk_reg[4]/C
                            (falling edge-triggered cell FDCE clocked by sys_clk_pin  {rise@0.000ns fall@5.000ns period=10.000ns})
  Destination:            clk_us/ed1/ff_cur_reg/D
                            (falling edge-triggered cell FDCE clocked by sys_clk_pin  {rise@0.000ns fall@5.000ns period=10.000ns})
  Path Group:             sys_clk_pin
  Path Type:              Hold (Min at Fast Process Corner)
  Requirement:            0.000ns  (sys_clk_pin fall@5.000ns - sys_clk_pin fall@5.000ns)
  Data Path Delay:        0.301ns  (logic 0.191ns (63.397%)  route 0.110ns (36.603%))
  Logic Levels:           1  (LUT6=1)
  Clock Path Skew:        0.013ns (DCD - SCD - CPR)
    Destination Clock Delay (DCD):    1.979ns = ( 6.979 - 5.000 ) 
    Source Clock Delay      (SCD):    1.467ns = ( 6.467 - 5.000 ) 
    Clock Pessimism Removal (CPR):    0.499ns

    Location             Delay type                Incr(ns)  Path(ns)    Netlist Resource(s)
  -------------------------------------------------------------------    -------------------
                         (clock sys_clk_pin fall edge)
                                                      5.000     5.000 f  
    W5                                                0.000     5.000 f  clk (IN)
                         net (fo=0)                   0.000     5.000    clk
    W5                   IBUF (Prop_ibuf_I_O)         0.226     5.226 f  clk_IBUF_inst/O
                         net (fo=1, routed)           0.631     5.858    clk_IBUF
    BUFGCTRL_X0Y0        BUFG (Prop_bufg_I_O)         0.026     5.884 f  clk_IBUF_BUFG_inst/O
                         net (fo=69, routed)          0.584     6.467    clk_us/clk_IBUF_BUFG
    SLICE_X58Y21         FDCE                                         r  clk_us/cnt_sysclk_reg[4]/C  (IS_INVERTED)
  -------------------------------------------------------------------    -------------------
    SLICE_X58Y21         FDCE (Prop_fdce_C_Q)         0.146     6.613 r  clk_us/cnt_sysclk_reg[4]/Q
                         net (fo=6, routed)           0.110     6.723    clk_us/ed1/Q[3]
    SLICE_X59Y21         LUT6 (Prop_lut6_I3_O)        0.045     6.768 r  clk_us/ed1/ff_cur_i_1/O
                         net (fo=1, routed)           0.000     6.768    clk_us/ed1/ff_cur_i_1_n_0
    SLICE_X59Y21         FDCE                                         r  clk_us/ed1/ff_cur_reg/D
  -------------------------------------------------------------------    -------------------

                         (clock sys_clk_pin fall edge)
                                                      5.000     5.000 f  
    W5                                                0.000     5.000 f  clk (IN)
                         net (fo=0)                   0.000     5.000    clk
    W5                   IBUF (Prop_ibuf_I_O)         0.414     5.414 f  clk_IBUF_inst/O
                         net (fo=1, routed)           0.685     6.099    clk_IBUF
    BUFGCTRL_X0Y0        BUFG (Prop_bufg_I_O)         0.029     6.128 f  clk_IBUF_BUFG_inst/O
                         net (fo=69, routed)          0.852     6.979    clk_us/ed1/clk_IBUF_BUFG
    SLICE_X59Y21         FDCE                                         r  clk_us/ed1/ff_cur_reg/C  (IS_INVERTED)
                         clock pessimism             -0.499     6.480    
    SLICE_X59Y21         FDCE (Hold_fdce_C_D)         0.099     6.579    clk_us/ed1/ff_cur_reg
  -------------------------------------------------------------------
                         required time                         -6.579    
                         arrival time                           6.768    
  -------------------------------------------------------------------
                         slack                                  0.189    

Slack (MET) :             0.191ns  (arrival time - required time)
  Source:                 clk_us/cnt_sysclk_reg[5]/C
                            (falling edge-triggered cell FDCE clocked by sys_clk_pin  {rise@0.000ns fall@5.000ns period=10.000ns})
  Destination:            clk_us/cnt_sysclk_reg[0]/D
                            (falling edge-triggered cell FDCE clocked by sys_clk_pin  {rise@0.000ns fall@5.000ns period=10.000ns})
  Path Group:             sys_clk_pin
  Path Type:              Hold (Min at Fast Process Corner)
  Requirement:            0.000ns  (sys_clk_pin fall@5.000ns - sys_clk_pin fall@5.000ns)
  Data Path Delay:        0.302ns  (logic 0.191ns (63.349%)  route 0.111ns (36.651%))
  Logic Levels:           1  (LUT6=1)
  Clock Path Skew:        0.013ns (DCD - SCD - CPR)
    Destination Clock Delay (DCD):    1.979ns = ( 6.979 - 5.000 ) 
    Source Clock Delay      (SCD):    1.467ns = ( 6.467 - 5.000 ) 
    Clock Pessimism Removal (CPR):    0.499ns

    Location             Delay type                Incr(ns)  Path(ns)    Netlist Resource(s)
  -------------------------------------------------------------------    -------------------
                         (clock sys_clk_pin fall edge)
                                                      5.000     5.000 f  
    W5                                                0.000     5.000 f  clk (IN)
                         net (fo=0)                   0.000     5.000    clk
    W5                   IBUF (Prop_ibuf_I_O)         0.226     5.226 f  clk_IBUF_inst/O
                         net (fo=1, routed)           0.631     5.858    clk_IBUF
    BUFGCTRL_X0Y0        BUFG (Prop_bufg_I_O)         0.026     5.884 f  clk_IBUF_BUFG_inst/O
                         net (fo=69, routed)          0.584     6.467    clk_us/clk_IBUF_BUFG
    SLICE_X58Y21         FDCE                                         r  clk_us/cnt_sysclk_reg[5]/C  (IS_INVERTED)
  -------------------------------------------------------------------    -------------------
    SLICE_X58Y21         FDCE (Prop_fdce_C_Q)         0.146     6.613 f  clk_us/cnt_sysclk_reg[5]/Q
                         net (fo=7, routed)           0.111     6.724    clk_us/cnt_sysclk_reg[5]
    SLICE_X59Y21         LUT6 (Prop_lut6_I0_O)        0.045     6.769 r  clk_us/cnt_sysclk[0]_i_1/O
                         net (fo=1, routed)           0.000     6.769    clk_us/p_0_in[0]
    SLICE_X59Y21         FDCE                                         r  clk_us/cnt_sysclk_reg[0]/D
  -------------------------------------------------------------------    -------------------

                         (clock sys_clk_pin fall edge)
                                                      5.000     5.000 f  
    W5                                                0.000     5.000 f  clk (IN)
                         net (fo=0)                   0.000     5.000    clk
    W5                   IBUF (Prop_ibuf_I_O)         0.414     5.414 f  clk_IBUF_inst/O
                         net (fo=1, routed)           0.685     6.099    clk_IBUF
    BUFGCTRL_X0Y0        BUFG (Prop_bufg_I_O)         0.029     6.128 f  clk_IBUF_BUFG_inst/O
                         net (fo=69, routed)          0.852     6.979    clk_us/clk_IBUF_BUFG
    SLICE_X59Y21         FDCE                                         r  clk_us/cnt_sysclk_reg[0]/C  (IS_INVERTED)
                         clock pessimism             -0.499     6.480    
    SLICE_X59Y21         FDCE (Hold_fdce_C_D)         0.098     6.578    clk_us/cnt_sysclk_reg[0]
  -------------------------------------------------------------------
                         required time                         -6.578    
                         arrival time                           6.769    
  -------------------------------------------------------------------
                         slack                                  0.191    

Slack (MET) :             0.194ns  (arrival time - required time)
  Source:                 clk_us/cnt_sysclk_reg[3]/C
                            (falling edge-triggered cell FDCE clocked by sys_clk_pin  {rise@0.000ns fall@5.000ns period=10.000ns})
  Destination:            clk_us/cnt_sysclk_reg[5]/D
                            (falling edge-triggered cell FDCE clocked by sys_clk_pin  {rise@0.000ns fall@5.000ns period=10.000ns})
  Path Group:             sys_clk_pin
  Path Type:              Hold (Min at Fast Process Corner)
  Requirement:            0.000ns  (sys_clk_pin fall@5.000ns - sys_clk_pin fall@5.000ns)
  Data Path Delay:        0.306ns  (logic 0.191ns (62.442%)  route 0.115ns (37.558%))
  Logic Levels:           1  (LUT6=1)
  Clock Path Skew:        0.013ns (DCD - SCD - CPR)
    Destination Clock Delay (DCD):    1.979ns = ( 6.979 - 5.000 ) 
    Source Clock Delay      (SCD):    1.467ns = ( 6.467 - 5.000 ) 
    Clock Pessimism Removal (CPR):    0.499ns

    Location             Delay type                Incr(ns)  Path(ns)    Netlist Resource(s)
  -------------------------------------------------------------------    -------------------
                         (clock sys_clk_pin fall edge)
                                                      5.000     5.000 f  
    W5                                                0.000     5.000 f  clk (IN)
                         net (fo=0)                   0.000     5.000    clk
    W5                   IBUF (Prop_ibuf_I_O)         0.226     5.226 f  clk_IBUF_inst/O
                         net (fo=1, routed)           0.631     5.858    clk_IBUF
    BUFGCTRL_X0Y0        BUFG (Prop_bufg_I_O)         0.026     5.884 f  clk_IBUF_BUFG_inst/O
                         net (fo=69, routed)          0.584     6.467    clk_us/clk_IBUF_BUFG
    SLICE_X59Y21         FDCE                                         r  clk_us/cnt_sysclk_reg[3]/C  (IS_INVERTED)
  -------------------------------------------------------------------    -------------------
    SLICE_X59Y21         FDCE (Prop_fdce_C_Q)         0.146     6.613 r  clk_us/cnt_sysclk_reg[3]/Q
                         net (fo=7, routed)           0.115     6.728    clk_us/cnt_sysclk_reg[3]
    SLICE_X58Y21         LUT6 (Prop_lut6_I2_O)        0.045     6.773 r  clk_us/cnt_sysclk[5]_i_1/O
                         net (fo=1, routed)           0.000     6.773    clk_us/p_0_in[5]
    SLICE_X58Y21         FDCE                                         r  clk_us/cnt_sysclk_reg[5]/D
  -------------------------------------------------------------------    -------------------

                         (clock sys_clk_pin fall edge)
                                                      5.000     5.000 f  
    W5                                                0.000     5.000 f  clk (IN)
                         net (fo=0)                   0.000     5.000    clk
    W5                   IBUF (Prop_ibuf_I_O)         0.414     5.414 f  clk_IBUF_inst/O
                         net (fo=1, routed)           0.685     6.099    clk_IBUF
    BUFGCTRL_X0Y0        BUFG (Prop_bufg_I_O)         0.029     6.128 f  clk_IBUF_BUFG_inst/O
                         net (fo=69, routed)          0.852     6.979    clk_us/clk_IBUF_BUFG
    SLICE_X58Y21         FDCE                                         r  clk_us/cnt_sysclk_reg[5]/C  (IS_INVERTED)
                         clock pessimism             -0.499     6.480    
    SLICE_X58Y21         FDCE (Hold_fdce_C_D)         0.099     6.579    clk_us/cnt_sysclk_reg[5]
  -------------------------------------------------------------------
                         required time                         -6.579    
                         arrival time                           6.773    
  -------------------------------------------------------------------
                         slack                                  0.194    

Slack (MET) :             0.209ns  (arrival time - required time)
  Source:                 clk_ms/cnt_clksource_reg[3]/C
                            (falling edge-triggered cell FDCE clocked by sys_clk_pin  {rise@0.000ns fall@5.000ns period=10.000ns})
  Destination:            clk_ms/cnt_clksource_reg[1]/D
                            (falling edge-triggered cell FDCE clocked by sys_clk_pin  {rise@0.000ns fall@5.000ns period=10.000ns})
  Path Group:             sys_clk_pin
  Path Type:              Hold (Min at Fast Process Corner)
  Requirement:            0.000ns  (sys_clk_pin fall@5.000ns - sys_clk_pin fall@5.000ns)
  Data Path Delay:        0.336ns  (logic 0.194ns (57.684%)  route 0.142ns (42.316%))
  Logic Levels:           1  (LUT5=1)
  Clock Path Skew:        0.013ns (DCD - SCD - CPR)
    Destination Clock Delay (DCD):    1.978ns = ( 6.978 - 5.000 ) 
    Source Clock Delay      (SCD):    1.467ns = ( 6.467 - 5.000 ) 
    Clock Pessimism Removal (CPR):    0.498ns

    Location             Delay type                Incr(ns)  Path(ns)    Netlist Resource(s)
  -------------------------------------------------------------------    -------------------
                         (clock sys_clk_pin fall edge)
                                                      5.000     5.000 f  
    W5                                                0.000     5.000 f  clk (IN)
                         net (fo=0)                   0.000     5.000    clk
    W5                   IBUF (Prop_ibuf_I_O)         0.226     5.226 f  clk_IBUF_inst/O
                         net (fo=1, routed)           0.631     5.858    clk_IBUF
    BUFGCTRL_X0Y0        BUFG (Prop_bufg_I_O)         0.026     5.884 f  clk_IBUF_BUFG_inst/O
                         net (fo=69, routed)          0.584     6.467    clk_ms/clk_IBUF_BUFG
    SLICE_X59Y27         FDCE                                         r  clk_ms/cnt_clksource_reg[3]/C  (IS_INVERTED)
  -------------------------------------------------------------------    -------------------
    SLICE_X59Y27         FDCE (Prop_fdce_C_Q)         0.146     6.613 f  clk_ms/cnt_clksource_reg[3]/Q
                         net (fo=11, routed)          0.142     6.755    clk_ms/cnt_clksource_reg[3]
    SLICE_X58Y27         LUT5 (Prop_lut5_I1_O)        0.048     6.803 r  clk_ms/cnt_clksource[1]_i_1/O
                         net (fo=1, routed)           0.000     6.803    clk_ms/p_0_in__0[1]
    SLICE_X58Y27         FDCE                                         r  clk_ms/cnt_clksource_reg[1]/D
  -------------------------------------------------------------------    -------------------

                         (clock sys_clk_pin fall edge)
                                                      5.000     5.000 f  
    W5                                                0.000     5.000 f  clk (IN)
                         net (fo=0)                   0.000     5.000    clk
    W5                   IBUF (Prop_ibuf_I_O)         0.414     5.414 f  clk_IBUF_inst/O
                         net (fo=1, routed)           0.685     6.099    clk_IBUF
    BUFGCTRL_X0Y0        BUFG (Prop_bufg_I_O)         0.029     6.128 f  clk_IBUF_BUFG_inst/O
                         net (fo=69, routed)          0.851     6.978    clk_ms/clk_IBUF_BUFG
    SLICE_X58Y27         FDCE                                         r  clk_ms/cnt_clksource_reg[1]/C  (IS_INVERTED)
                         clock pessimism             -0.498     6.480    
    SLICE_X58Y27         FDCE (Hold_fdce_C_D)         0.114     6.594    clk_ms/cnt_clksource_reg[1]
  -------------------------------------------------------------------
                         required time                         -6.594    
                         arrival time                           6.803    
  -------------------------------------------------------------------
                         slack                                  0.209    

Slack (MET) :             0.222ns  (arrival time - required time)
  Source:                 clk_ms/cnt_clksource_reg[3]/C
                            (falling edge-triggered cell FDCE clocked by sys_clk_pin  {rise@0.000ns fall@5.000ns period=10.000ns})
  Destination:            clk_ms/cnt_clksource_reg[4]/D
                            (falling edge-triggered cell FDCE clocked by sys_clk_pin  {rise@0.000ns fall@5.000ns period=10.000ns})
  Path Group:             sys_clk_pin
  Path Type:              Hold (Min at Fast Process Corner)
  Requirement:            0.000ns  (sys_clk_pin fall@5.000ns - sys_clk_pin fall@5.000ns)
  Data Path Delay:        0.334ns  (logic 0.191ns (57.132%)  route 0.143ns (42.868%))
  Logic Levels:           1  (LUT6=1)
  Clock Path Skew:        0.013ns (DCD - SCD - CPR)
    Destination Clock Delay (DCD):    1.978ns = ( 6.978 - 5.000 ) 
    Source Clock Delay      (SCD):    1.467ns = ( 6.467 - 5.000 ) 
    Clock Pessimism Removal (CPR):    0.498ns

    Location             Delay type                Incr(ns)  Path(ns)    Netlist Resource(s)
  -------------------------------------------------------------------    -------------------
                         (clock sys_clk_pin fall edge)
                                                      5.000     5.000 f  
    W5                                                0.000     5.000 f  clk (IN)
                         net (fo=0)                   0.000     5.000    clk
    W5                   IBUF (Prop_ibuf_I_O)         0.226     5.226 f  clk_IBUF_inst/O
                         net (fo=1, routed)           0.631     5.858    clk_IBUF
    BUFGCTRL_X0Y0        BUFG (Prop_bufg_I_O)         0.026     5.884 f  clk_IBUF_BUFG_inst/O
                         net (fo=69, routed)          0.584     6.467    clk_ms/clk_IBUF_BUFG
    SLICE_X59Y27         FDCE                                         r  clk_ms/cnt_clksource_reg[3]/C  (IS_INVERTED)
  -------------------------------------------------------------------    -------------------
    SLICE_X59Y27         FDCE (Prop_fdce_C_Q)         0.146     6.613 r  clk_ms/cnt_clksource_reg[3]/Q
                         net (fo=11, routed)          0.143     6.756    clk_ms/cnt_clksource_reg[3]
    SLICE_X58Y27         LUT6 (Prop_lut6_I1_O)        0.045     6.801 r  clk_ms/cnt_clksource[4]_i_1/O
                         net (fo=1, routed)           0.000     6.801    clk_ms/p_0_in__0[4]
    SLICE_X58Y27         FDCE                                         r  clk_ms/cnt_clksource_reg[4]/D
  -------------------------------------------------------------------    -------------------

                         (clock sys_clk_pin fall edge)
                                                      5.000     5.000 f  
    W5                                                0.000     5.000 f  clk (IN)
                         net (fo=0)                   0.000     5.000    clk
    W5                   IBUF (Prop_ibuf_I_O)         0.414     5.414 f  clk_IBUF_inst/O
                         net (fo=1, routed)           0.685     6.099    clk_IBUF
    BUFGCTRL_X0Y0        BUFG (Prop_bufg_I_O)         0.029     6.128 f  clk_IBUF_BUFG_inst/O
                         net (fo=69, routed)          0.851     6.978    clk_ms/clk_IBUF_BUFG
    SLICE_X58Y27         FDCE                                         r  clk_ms/cnt_clksource_reg[4]/C  (IS_INVERTED)
                         clock pessimism             -0.498     6.480    
    SLICE_X58Y27         FDCE (Hold_fdce_C_D)         0.099     6.579    clk_ms/cnt_clksource_reg[4]
  -------------------------------------------------------------------
                         required time                         -6.579    
                         arrival time                           6.801    
  -------------------------------------------------------------------
                         slack                                  0.222    

Slack (MET) :             0.222ns  (arrival time - required time)
  Source:                 clk_us/cnt_sysclk_reg[0]/C
                            (falling edge-triggered cell FDCE clocked by sys_clk_pin  {rise@0.000ns fall@5.000ns period=10.000ns})
  Destination:            clk_us/cnt_sysclk_reg[4]/D
                            (falling edge-triggered cell FDCE clocked by sys_clk_pin  {rise@0.000ns fall@5.000ns period=10.000ns})
  Path Group:             sys_clk_pin
  Path Type:              Hold (Min at Fast Process Corner)
  Requirement:            0.000ns  (sys_clk_pin fall@5.000ns - sys_clk_pin fall@5.000ns)
  Data Path Delay:        0.334ns  (logic 0.191ns (57.132%)  route 0.143ns (42.868%))
  Logic Levels:           1  (LUT6=1)
  Clock Path Skew:        0.013ns (DCD - SCD - CPR)
    Destination Clock Delay (DCD):    1.979ns = ( 6.979 - 5.000 ) 
    Source Clock Delay      (SCD):    1.467ns = ( 6.467 - 5.000 ) 
    Clock Pessimism Removal (CPR):    0.499ns

    Location             Delay type                Incr(ns)  Path(ns)    Netlist Resource(s)
  -------------------------------------------------------------------    -------------------
                         (clock sys_clk_pin fall edge)
                                                      5.000     5.000 f  
    W5                                                0.000     5.000 f  clk (IN)
                         net (fo=0)                   0.000     5.000    clk
    W5                   IBUF (Prop_ibuf_I_O)         0.226     5.226 f  clk_IBUF_inst/O
                         net (fo=1, routed)           0.631     5.858    clk_IBUF
    BUFGCTRL_X0Y0        BUFG (Prop_bufg_I_O)         0.026     5.884 f  clk_IBUF_BUFG_inst/O
                         net (fo=69, routed)          0.584     6.467    clk_us/clk_IBUF_BUFG
    SLICE_X59Y21         FDCE                                         r  clk_us/cnt_sysclk_reg[0]/C  (IS_INVERTED)
  -------------------------------------------------------------------    -------------------
    SLICE_X59Y21         FDCE (Prop_fdce_C_Q)         0.146     6.613 r  clk_us/cnt_sysclk_reg[0]/Q
                         net (fo=6, routed)           0.143     6.756    clk_us/cnt_sysclk_reg[0]
    SLICE_X58Y21         LUT6 (Prop_lut6_I1_O)        0.045     6.801 r  clk_us/cnt_sysclk[4]_i_1/O
                         net (fo=1, routed)           0.000     6.801    clk_us/p_0_in[4]
    SLICE_X58Y21         FDCE                                         r  clk_us/cnt_sysclk_reg[4]/D
  -------------------------------------------------------------------    -------------------

                         (clock sys_clk_pin fall edge)
                                                      5.000     5.000 f  
    W5                                                0.000     5.000 f  clk (IN)
                         net (fo=0)                   0.000     5.000    clk
    W5                   IBUF (Prop_ibuf_I_O)         0.414     5.414 f  clk_IBUF_inst/O
                         net (fo=1, routed)           0.685     6.099    clk_IBUF
    BUFGCTRL_X0Y0        BUFG (Prop_bufg_I_O)         0.029     6.128 f  clk_IBUF_BUFG_inst/O
                         net (fo=69, routed)          0.852     6.979    clk_us/clk_IBUF_BUFG
    SLICE_X58Y21         FDCE                                         r  clk_us/cnt_sysclk_reg[4]/C  (IS_INVERTED)
                         clock pessimism             -0.499     6.480    
    SLICE_X58Y21         FDCE (Hold_fdce_C_D)         0.099     6.579    clk_us/cnt_sysclk_reg[4]
  -------------------------------------------------------------------
                         required time                         -6.579    
                         arrival time                           6.801    
  -------------------------------------------------------------------
                         slack                                  0.222    





Pulse Width Checks
--------------------------------------------------------------------------------------
Clock Name:         sys_clk_pin
Waveform(ns):       { 0.000 5.000 }
Period(ns):         10.000
Sources:            { clk }

Check Type        Corner  Lib Pin  Reference Pin  Required(ns)  Actual(ns)  Slack(ns)  Location       Pin
Min Period        n/a     BUFG/I   n/a            2.155         10.000      7.845      BUFGCTRL_X0Y0  clk_IBUF_BUFG_inst/I
Min Period        n/a     FDRE/C   n/a            1.000         10.000      9.000      SLICE_X65Y26   btn0/clk_div_reg[0]/C
Min Period        n/a     FDRE/C   n/a            1.000         10.000      9.000      SLICE_X65Y28   btn0/clk_div_reg[10]/C
Min Period        n/a     FDRE/C   n/a            1.000         10.000      9.000      SLICE_X65Y28   btn0/clk_div_reg[11]/C
Min Period        n/a     FDRE/C   n/a            1.000         10.000      9.000      SLICE_X65Y29   btn0/clk_div_reg[12]/C
Min Period        n/a     FDRE/C   n/a            1.000         10.000      9.000      SLICE_X65Y29   btn0/clk_div_reg[13]/C
Min Period        n/a     FDRE/C   n/a            1.000         10.000      9.000      SLICE_X65Y29   btn0/clk_div_reg[14]/C
Min Period        n/a     FDRE/C   n/a            1.000         10.000      9.000      SLICE_X65Y29   btn0/clk_div_reg[15]/C
Min Period        n/a     FDRE/C   n/a            1.000         10.000      9.000      SLICE_X65Y30   btn0/clk_div_reg[16]/C
Min Period        n/a     FDRE/C   n/a            1.000         10.000      9.000      SLICE_X65Y26   btn0/clk_div_reg[1]/C
Low Pulse Width   Fast    FDRE/C   n/a            0.500         5.000       4.500      SLICE_X65Y26   btn0/clk_div_reg[0]/C
Low Pulse Width   Slow    FDRE/C   n/a            0.500         5.000       4.500      SLICE_X65Y28   btn0/clk_div_reg[10]/C
Low Pulse Width   Fast    FDRE/C   n/a            0.500         5.000       4.500      SLICE_X65Y28   btn0/clk_div_reg[10]/C
Low Pulse Width   Slow    FDRE/C   n/a            0.500         5.000       4.500      SLICE_X65Y28   btn0/clk_div_reg[11]/C
Low Pulse Width   Fast    FDRE/C   n/a            0.500         5.000       4.500      SLICE_X65Y28   btn0/clk_div_reg[11]/C
Low Pulse Width   Slow    FDRE/C   n/a            0.500         5.000       4.500      SLICE_X65Y29   btn0/clk_div_reg[12]/C
Low Pulse Width   Slow    FDRE/C   n/a            0.500         5.000       4.500      SLICE_X65Y29   btn0/clk_div_reg[13]/C
Low Pulse Width   Slow    FDRE/C   n/a            0.500         5.000       4.500      SLICE_X65Y29   btn0/clk_div_reg[14]/C
Low Pulse Width   Slow    FDRE/C   n/a            0.500         5.000       4.500      SLICE_X65Y29   btn0/clk_div_reg[15]/C
Low Pulse Width   Slow    FDRE/C   n/a            0.500         5.000       4.500      SLICE_X65Y30   btn0/clk_div_reg[16]/C
High Pulse Width  Slow    FDRE/C   n/a            0.500         5.000       4.500      SLICE_X65Y26   btn0/clk_div_reg[0]/C
High Pulse Width  Slow    FDRE/C   n/a            0.500         5.000       4.500      SLICE_X65Y26   btn0/clk_div_reg[1]/C
High Pulse Width  Slow    FDRE/C   n/a            0.500         5.000       4.500      SLICE_X65Y26   btn0/clk_div_reg[2]/C
High Pulse Width  Slow    FDRE/C   n/a            0.500         5.000       4.500      SLICE_X65Y26   btn0/clk_div_reg[3]/C
High Pulse Width  Slow    FDRE/C   n/a            0.500         5.000       4.500      SLICE_X65Y27   btn0/clk_div_reg[4]/C
High Pulse Width  Slow    FDRE/C   n/a            0.500         5.000       4.500      SLICE_X65Y27   btn0/clk_div_reg[5]/C
High Pulse Width  Slow    FDRE/C   n/a            0.500         5.000       4.500      SLICE_X65Y27   btn0/clk_div_reg[6]/C
High Pulse Width  Slow    FDRE/C   n/a            0.500         5.000       4.500      SLICE_X65Y27   btn0/clk_div_reg[7]/C
High Pulse Width  Fast    FDCE/C   n/a            0.500         5.000       4.500      SLICE_X62Y27   btn0/ed/ff_cur_reg/C
High Pulse Width  Fast    FDCE/C   n/a            0.500         5.000       4.500      SLICE_X62Y27   btn0/ed/ff_old_reg/C



