#-----------------------------------------------------------
# Vivado v2019.2 (64-bit)
# SW Build 2708876 on Wed Nov  6 21:40:23 MST 2019
# IP Build 2700528 on Thu Nov  7 00:09:20 MST 2019
# Start of session at: Fri Aug 23 17:58:15 2024
# Process ID: 6228
# Current directory: C:/Users/kimhk/Documents/GitHub/SecuCepaLock_RTL_Team_Project/SPL
# Command line: vivado.exe -gui_launcher_event rodinguilauncherevent19484 C:\Users\kimhk\Documents\GitHub\SecuCepaLock_RTL_Team_Project\SPL\SPL.xpr
# Log file: C:/Users/kimhk/Documents/GitHub/SecuCepaLock_RTL_Team_Project/SPL/vivado.log
# Journal file: C:/Users/kimhk/Documents/GitHub/SecuCepaLock_RTL_Team_Project/SPL\vivado.jou
#-----------------------------------------------------------
start_gui
open_project C:/Users/kimhk/Documents/GitHub/SecuCepaLock_RTL_Team_Project/SPL/SPL.xpr
Scanning sources...
Finished scanning sources
INFO: [IP_Flow 19-234] Refreshing IP repositories
INFO: [IP_Flow 19-1704] No user IP repositories specified
INFO: [IP_Flow 19-2313] Loaded Vivado IP repository 'C:/Xilinx/Vivado/2019.2/data/ip'.
open_project: Time (s): cpu = 00:00:03 ; elapsed = 00:00:06 . Memory (MB): peak = 972.453 ; gain = 336.000
update_compile_order -fileset sources_1
exit
INFO: [Common 17-206] Exiting Vivado at Fri Aug 23 17:59:57 2024...
