#-----------------------------------------------------------
# Vivado v2019.2 (64-bit)
# SW Build 2708876 on Wed Nov  6 21:40:23 MST 2019
# IP Build 2700528 on Thu Nov  7 00:09:20 MST 2019
# Start of session at: Tue Aug 27 17:51:44 2024
# Process ID: 21444
# Current directory: C:/Users/kimhk/Documents/GitHub/SecuCepaLock_RTL_Team_Project/SPL
# Command line: vivado.exe -gui_launcher_event rodinguilauncherevent7104 C:\Users\kimhk\Documents\GitHub\SecuCepaLock_RTL_Team_Project\SPL\SPL.xpr
# Log file: C:/Users/kimhk/Documents/GitHub/SecuCepaLock_RTL_Team_Project/SPL/vivado.log
# Journal file: C:/Users/kimhk/Documents/GitHub/SecuCepaLock_RTL_Team_Project/SPL\vivado.jou
#-----------------------------------------------------------
start_gui
open_project C:/Users/kimhk/Documents/GitHub/SecuCepaLock_RTL_Team_Project/SPL/SPL.xpr
INFO: [Project 1-313] Project file moved from 'C:/Users/minkyu/Documents/GitHub/SecuCepaLock_RTL_Team_Project/SPL' since last save.
Scanning sources...
Finished scanning sources
INFO: [IP_Flow 19-234] Refreshing IP repositories
INFO: [IP_Flow 19-1704] No user IP repositories specified
INFO: [IP_Flow 19-2313] Loaded Vivado IP repository 'C:/Xilinx/Vivado/2019.2/data/ip'.
open_project: Time (s): cpu = 00:00:04 ; elapsed = 00:00:05 . Memory (MB): peak = 1245.895 ; gain = 373.930
update_compile_order -fileset sources_1
close [ open C:/Users/kimhk/Documents/GitHub/SecuCepaLock_RTL_Team_Project/SPL/SPL.srcs/sources_1/new/SPI_MODE.v w ]
add_files C:/Users/kimhk/Documents/GitHub/SecuCepaLock_RTL_Team_Project/SPL/SPL.srcs/sources_1/new/SPI_MODE.v
update_compile_order -fileset sources_1
update_compile_order -fileset sources_1
export_ip_user_files -of_objects  [get_files C:/Users/kimhk/Documents/GitHub/SecuCepaLock_RTL_Team_Project/SPL/SPL.srcs/sources_1/new/MAIN_CODE.v] -no_script -reset -force -quiet
remove_files  C:/Users/kimhk/Documents/GitHub/SecuCepaLock_RTL_Team_Project/SPL/SPL.srcs/sources_1/new/MAIN_CODE.v
set_property top SPI_ADDR2 [current_fileset]
update_compile_order -fileset sources_1
set_property top SPI_ADDR_DATA [current_fileset]
set_property top SPI_ADDR_DATA [get_filesets sim_1]
set_property top_lib xil_defaultlib [get_filesets sim_1]
update_compile_order -fileset sources_1
reset_run synth_1
launch_runs impl_1 -to_step write_bitstream -jobs 12
[Tue Aug 27 18:37:12 2024] Launched synth_1...
Run output will be captured here: C:/Users/kimhk/Documents/GitHub/SecuCepaLock_RTL_Team_Project/SPL/SPL.runs/synth_1/runme.log
[Tue Aug 27 18:37:12 2024] Launched impl_1...
Run output will be captured here: C:/Users/kimhk/Documents/GitHub/SecuCepaLock_RTL_Team_Project/SPL/SPL.runs/impl_1/runme.log
export_ip_user_files -of_objects  [get_files C:/Users/kimhk/Documents/GitHub/SecuCepaLock_RTL_Team_Project/SPL/SPL.srcs/sources_1/new/PRIVATE.v] -no_script -reset -force -quiet
remove_files  C:/Users/kimhk/Documents/GitHub/SecuCepaLock_RTL_Team_Project/SPL/SPL.srcs/sources_1/new/PRIVATE.v
reset_run synth_1
launch_runs impl_1 -to_step write_bitstream -jobs 12
[Tue Aug 27 18:52:46 2024] Launched synth_1...
Run output will be captured here: C:/Users/kimhk/Documents/GitHub/SecuCepaLock_RTL_Team_Project/SPL/SPL.runs/synth_1/runme.log
[Tue Aug 27 18:52:46 2024] Launched impl_1...
Run output will be captured here: C:/Users/kimhk/Documents/GitHub/SecuCepaLock_RTL_Team_Project/SPL/SPL.runs/impl_1/runme.log
reset_run impl_1 -prev_step 
launch_runs impl_1 -to_step write_bitstream -jobs 12
[Tue Aug 27 18:58:28 2024] Launched impl_1...
Run output will be captured here: C:/Users/kimhk/Documents/GitHub/SecuCepaLock_RTL_Team_Project/SPL/SPL.runs/impl_1/runme.log
exit
INFO: [Common 17-206] Exiting Vivado at Tue Aug 27 19:00:17 2024...
