#-----------------------------------------------------------
# Vivado v2019.2 (64-bit)
# SW Build 2708876 on Wed Nov  6 21:40:23 MST 2019
# IP Build 2700528 on Thu Nov  7 00:09:20 MST 2019
# Start of session at: Mon Aug 26 12:38:57 2024
# Process ID: 2504
# Current directory: C:/Users/user/Documents/GitHub/SecuCepaLock_RTL_Team_Project/SPL
# Command line: vivado.exe -gui_launcher_event rodinguilauncherevent10136 C:\Users\user\Documents\GitHub\SecuCepaLock_RTL_Team_Project\SPL\SPL.xpr
# Log file: C:/Users/user/Documents/GitHub/SecuCepaLock_RTL_Team_Project/SPL/vivado.log
# Journal file: C:/Users/user/Documents/GitHub/SecuCepaLock_RTL_Team_Project/SPL\vivado.jou
#-----------------------------------------------------------
start_gui
open_project C:/Users/user/Documents/GitHub/SecuCepaLock_RTL_Team_Project/SPL/SPL.xpr
INFO: [Project 1-313] Project file moved from 'C:/Users/kimhk/Documents/GitHub/SecuCepaLock_RTL_Team_Project/SPL' since last save.
Scanning sources...
Finished scanning sources
WARNING: [filemgmt 56-2] Board Part Repository Path: Could not find the directory 'C:/Users/user/AppData/Roaming/Xilinx/Vivado/2019.2/xhub/board_store', nor could it be found using path 'C:/Users/kimhk/AppData/Roaming/Xilinx/Vivado/2019.2/xhub/board_store'.
CRITICAL WARNING: [Board 49-67] The board_part definition was not found for digilentinc.com:basys3:part0:1.1. This can happen sometimes when you use custom board part. You can resolve this issue by setting 'board.repoPaths' parameter, pointing to the location of custom board files. Valid board_part values can be retrieved with the 'get_board_parts' Tcl command.
INFO: [IP_Flow 19-234] Refreshing IP repositories
INFO: [IP_Flow 19-1704] No user IP repositories specified
INFO: [IP_Flow 19-2313] Loaded Vivado IP repository 'C:/Xilinx/Vivado/2019.2/data/ip'.
open_project: Time (s): cpu = 00:00:18 ; elapsed = 00:00:15 . Memory (MB): peak = 863.305 ; gain = 199.805
update_compile_order -fileset sources_1
exit
INFO: [Common 17-206] Exiting Vivado at Mon Aug 26 12:43:45 2024...
