#-----------------------------------------------------------
# Vivado v2019.2 (64-bit)
# SW Build 2708876 on Wed Nov  6 21:40:23 MST 2019
# IP Build 2700528 on Thu Nov  7 00:09:20 MST 2019
# Start of session at: Tue Aug 27 11:17:59 2024
# Process ID: 7800
# Current directory: C:/Users/kcci/Documents/GitHub/SecuCepaLock_RTL_Team_Project/SPL
# Command line: vivado.exe -gui_launcher_event rodinguilauncherevent6020 C:\Users\kcci\Documents\GitHub\SecuCepaLock_RTL_Team_Project\SPL\SPL.xpr
# Log file: C:/Users/kcci/Documents/GitHub/SecuCepaLock_RTL_Team_Project/SPL/vivado.log
# Journal file: C:/Users/kcci/Documents/GitHub/SecuCepaLock_RTL_Team_Project/SPL\vivado.jou
#-----------------------------------------------------------
start_gui
open_project C:/Users/kcci/Documents/GitHub/SecuCepaLock_RTL_Team_Project/SPL/SPL.xpr
INFO: [Project 1-313] Project file moved from 'C:/Users/kimhk/Documents/GitHub/SecuCepaLock_RTL_Team_Project/SPL' since last save.
CRITICAL WARNING: [Project 1-311] Could not find the file 'C:/Users/kcci/Documents/GitHub/SecuCepaLock_RTL_Team_Project/SPL/SPL.srcs/sources_1/new/PRIVATE.v', nor could it be found using path 'C:/Users/kimhk/Documents/GitHub/SecuCepaLock_RTL_Team_Project/SPL/SPL.srcs/sources_1/new/PRIVATE.v'.
Scanning sources...
Finished scanning sources
WARNING: [filemgmt 56-2] IPUserFilesDir: Could not find the directory 'C:/Users/kcci/Documents/GitHub/SecuCepaLock_RTL_Team_Project/SPL/SPL.ip_user_files', nor could it be found using path 'C:/Users/kimhk/Documents/GitHub/SecuCepaLock_RTL_Team_Project/SPL/SPL.ip_user_files'.
INFO: [IP_Flow 19-234] Refreshing IP repositories
INFO: [IP_Flow 19-1704] No user IP repositories specified
INFO: [IP_Flow 19-2313] Loaded Vivado IP repository 'C:/Xilinx/Vivado/2019.2/data/ip'.
open_project: Time (s): cpu = 00:00:17 ; elapsed = 00:00:12 . Memory (MB): peak = 1066.371 ; gain = 438.309
update_compile_order -fileset sources_1
set_property source_mgmt_mode DisplayOnly [current_project]
reorder_files -after C:/Users/kcci/Documents/GitHub/SecuCepaLock_RTL_Team_Project/SPL/SPL.srcs/sources_1/new/MAIN_CODE.v C:/Users/kcci/Documents/GitHub/SecuCepaLock_RTL_Team_Project/SPL/SPL.srcs/sources_1/new/MAIN_CODE.v
exit
INFO: [Common 17-206] Exiting Vivado at Tue Aug 27 11:28:11 2024...
