#-----------------------------------------------------------
# Vivado v2019.2 (64-bit)
# SW Build 2708876 on Wed Nov  6 21:40:23 MST 2019
# IP Build 2700528 on Thu Nov  7 00:09:20 MST 2019
# Start of session at: Tue Aug 27 11:15:39 2024
# Process ID: 6884
# Current directory: C:/Users/minkyu/Documents/GitHub/SecuCepaLock_RTL_Team_Project/SPL
# Command line: vivado.exe -gui_launcher_event rodinguilauncherevent8480 C:\Users\minkyu\Documents\GitHub\SecuCepaLock_RTL_Team_Project\SPL\SPL.xpr
# Log file: C:/Users/minkyu/Documents/GitHub/SecuCepaLock_RTL_Team_Project/SPL/vivado.log
# Journal file: C:/Users/minkyu/Documents/GitHub/SecuCepaLock_RTL_Team_Project/SPL\vivado.jou
#-----------------------------------------------------------
start_gui
open_project C:/Users/minkyu/Documents/GitHub/SecuCepaLock_RTL_Team_Project/SPL/SPL.xpr
INFO: [Project 1-313] Project file moved from 'C:/Users/kimhk/Documents/GitHub/SecuCepaLock_RTL_Team_Project/SPL' since last save.
Scanning sources...
Finished scanning sources
INFO: [IP_Flow 19-234] Refreshing IP repositories
INFO: [IP_Flow 19-1704] No user IP repositories specified
INFO: [IP_Flow 19-2313] Loaded Vivado IP repository 'C:/Xilinx/Vivado/2019.2/data/ip'.
open_project: Time (s): cpu = 00:00:20 ; elapsed = 00:00:15 . Memory (MB): peak = 1080.375 ; gain = 413.246
update_compile_order -fileset sources_1
set_property top SPI_ADDR [current_fileset]
update_compile_order -fileset sources_1
reset_run synth_1
launch_runs impl_1 -to_step write_bitstream -jobs 4
[Tue Aug 27 11:19:24 2024] Launched synth_1...
Run output will be captured here: C:/Users/minkyu/Documents/GitHub/SecuCepaLock_RTL_Team_Project/SPL/SPL.runs/synth_1/runme.log
[Tue Aug 27 11:19:24 2024] Launched impl_1...
Run output will be captured here: C:/Users/minkyu/Documents/GitHub/SecuCepaLock_RTL_Team_Project/SPL/SPL.runs/impl_1/runme.log
reset_run synth_1
launch_runs impl_1 -to_step write_bitstream -jobs 4
[Tue Aug 27 11:22:16 2024] Launched synth_1...
Run output will be captured here: C:/Users/minkyu/Documents/GitHub/SecuCepaLock_RTL_Team_Project/SPL/SPL.runs/synth_1/runme.log
[Tue Aug 27 11:22:16 2024] Launched impl_1...
Run output will be captured here: C:/Users/minkyu/Documents/GitHub/SecuCepaLock_RTL_Team_Project/SPL/SPL.runs/impl_1/runme.log
open_hw_manager
