#-----------------------------------------------------------
# Vivado v2019.2 (64-bit)
# SW Build 2708876 on Wed Nov  6 21:40:23 MST 2019
# IP Build 2700528 on Thu Nov  7 00:09:20 MST 2019
# Start of session at: Wed Aug 28 16:10:37 2024
# Process ID: 2844
# Current directory: C:/Users/minkyu/Documents/GitHub/SecuCepaLock_RTL_Team_Project/SPL
# Command line: vivado.exe -gui_launcher_event rodinguilauncherevent1044 C:\Users\minkyu\Documents\GitHub\SecuCepaLock_RTL_Team_Project\SPL\SPL.xpr
# Log file: C:/Users/minkyu/Documents/GitHub/SecuCepaLock_RTL_Team_Project/SPL/vivado.log
# Journal file: C:/Users/minkyu/Documents/GitHub/SecuCepaLock_RTL_Team_Project/SPL\vivado.jou
#-----------------------------------------------------------
start_gui
open_project C:/Users/minkyu/Documents/GitHub/SecuCepaLock_RTL_Team_Project/SPL/SPL.xpr
INFO: [Project 1-313] Project file moved from 'C:/Users/kcci/Documents/GitHub/SecuCepaLock_RTL_Team_Project/SPL' since last save.
Scanning sources...
Finished scanning sources
INFO: [IP_Flow 19-234] Refreshing IP repositories
INFO: [IP_Flow 19-1704] No user IP repositories specified
INFO: [IP_Flow 19-2313] Loaded Vivado IP repository 'C:/Xilinx/Vivado/2019.2/data/ip'.
open_project: Time (s): cpu = 00:00:19 ; elapsed = 00:00:15 . Memory (MB): peak = 1082.758 ; gain = 403.887
update_compile_order -fileset sources_1
reset_run synth_1
launch_runs impl_1 -to_step write_bitstream -jobs 4
[Wed Aug 28 16:21:38 2024] Launched synth_1...
Run output will be captured here: C:/Users/minkyu/Documents/GitHub/SecuCepaLock_RTL_Team_Project/SPL/SPL.runs/synth_1/runme.log
[Wed Aug 28 16:21:38 2024] Launched impl_1...
Run output will be captured here: C:/Users/minkyu/Documents/GitHub/SecuCepaLock_RTL_Team_Project/SPL/SPL.runs/impl_1/runme.log
open_hw_manager
connect_hw_server -allow_non_jtag
INFO: [Labtools 27-2285] Connecting to hw_server url TCP:localhost:3121
INFO: [Labtools 27-2222] Launching hw_server...
INFO: [Labtools 27-2221] Launch Output:

****** Xilinx hw_server v2019.2
  **** Build date : Nov  6 2019 at 22:12:23
    ** Copyright 1986-2019 Xilinx, Inc. All Rights Reserved.


INFO: [Labtools 27-3415] Connecting to cs_server url TCP:localhost:3042
INFO: [Labtools 27-3417] Launching cs_server...
INFO: [Labtools 27-2221] Launch Output:


****** Xilinx cs_server v2019.2.0
  **** Build date : Nov 07 2019-14:28:22
    ** Copyright 2017-2019 Xilinx, Inc. All Rights Reserved.



connect_hw_server: Time (s): cpu = 00:00:01 ; elapsed = 00:00:08 . Memory (MB): peak = 1165.301 ; gain = 21.078
open_hw_target
INFO: [Labtoolstcl 44-466] Opening hw_target localhost:3121/xilinx_tcf/Digilent/210183BB7F95A
open_hw_target: Time (s): cpu = 00:00:06 ; elapsed = 00:00:06 . Memory (MB): peak = 2391.805 ; gain = 1226.504
set_property PROGRAM.FILE {C:/Users/minkyu/Documents/GitHub/SecuCepaLock_RTL_Team_Project/SPL/SPL.runs/impl_1/keypad_test_top.bit} [get_hw_devices xc7a35t_0]
current_hw_device [get_hw_devices xc7a35t_0]
refresh_hw_device -update_hw_probes false [lindex [get_hw_devices xc7a35t_0] 0]
INFO: [Labtools 27-1434] Device xc7a35t (JTAG device index = 0) is programmed with a design that has no supported debug core(s) in it.
set_property PROBES.FILE {} [get_hw_devices xc7a35t_0]
set_property FULL_PROBES.FILE {} [get_hw_devices xc7a35t_0]
set_property PROGRAM.FILE {C:/Users/minkyu/Documents/GitHub/SecuCepaLock_RTL_Team_Project/SPL/SPL.runs/impl_1/keypad_test_top.bit} [get_hw_devices xc7a35t_0]
program_hw_devices [get_hw_devices xc7a35t_0]
INFO: [Labtools 27-3164] End of startup status: HIGH
refresh_hw_device [lindex [get_hw_devices xc7a35t_0] 0]
INFO: [Labtools 27-1434] Device xc7a35t (JTAG device index = 0) is programmed with a design that has no supported debug core(s) in it.
reset_run synth_1
launch_runs impl_1 -to_step write_bitstream -jobs 4
[Wed Aug 28 16:26:46 2024] Launched synth_1...
Run output will be captured here: C:/Users/minkyu/Documents/GitHub/SecuCepaLock_RTL_Team_Project/SPL/SPL.runs/synth_1/runme.log
[Wed Aug 28 16:26:46 2024] Launched impl_1...
Run output will be captured here: C:/Users/minkyu/Documents/GitHub/SecuCepaLock_RTL_Team_Project/SPL/SPL.runs/impl_1/runme.log
set_property PROBES.FILE {} [get_hw_devices xc7a35t_0]
set_property FULL_PROBES.FILE {} [get_hw_devices xc7a35t_0]
set_property PROGRAM.FILE {C:/Users/minkyu/Documents/GitHub/SecuCepaLock_RTL_Team_Project/SPL/SPL.runs/impl_1/keypad_test_top.bit} [get_hw_devices xc7a35t_0]
program_hw_devices [get_hw_devices xc7a35t_0]
INFO: [Labtools 27-3164] End of startup status: HIGH
refresh_hw_device [lindex [get_hw_devices xc7a35t_0] 0]
INFO: [Labtools 27-1434] Device xc7a35t (JTAG device index = 0) is programmed with a design that has no supported debug core(s) in it.
reset_run synth_1
launch_runs impl_1 -to_step write_bitstream -jobs 4
[Wed Aug 28 16:30:40 2024] Launched synth_1...
Run output will be captured here: C:/Users/minkyu/Documents/GitHub/SecuCepaLock_RTL_Team_Project/SPL/SPL.runs/synth_1/runme.log
[Wed Aug 28 16:30:40 2024] Launched impl_1...
Run output will be captured here: C:/Users/minkyu/Documents/GitHub/SecuCepaLock_RTL_Team_Project/SPL/SPL.runs/impl_1/runme.log
reset_run synth_1
launch_runs impl_1 -to_step write_bitstream -jobs 4
[Wed Aug 28 16:33:15 2024] Launched synth_1...
Run output will be captured here: C:/Users/minkyu/Documents/GitHub/SecuCepaLock_RTL_Team_Project/SPL/SPL.runs/synth_1/runme.log
[Wed Aug 28 16:33:15 2024] Launched impl_1...
Run output will be captured here: C:/Users/minkyu/Documents/GitHub/SecuCepaLock_RTL_Team_Project/SPL/SPL.runs/impl_1/runme.log
set_property PROBES.FILE {} [get_hw_devices xc7a35t_0]
set_property FULL_PROBES.FILE {} [get_hw_devices xc7a35t_0]
set_property PROGRAM.FILE {C:/Users/minkyu/Documents/GitHub/SecuCepaLock_RTL_Team_Project/SPL/SPL.runs/impl_1/keypad_test_top.bit} [get_hw_devices xc7a35t_0]
program_hw_devices [get_hw_devices xc7a35t_0]
INFO: [Labtools 27-3164] End of startup status: HIGH
refresh_hw_device [lindex [get_hw_devices xc7a35t_0] 0]
INFO: [Labtools 27-1434] Device xc7a35t (JTAG device index = 0) is programmed with a design that has no supported debug core(s) in it.
reset_run synth_1
launch_runs impl_1 -to_step write_bitstream -jobs 4
[Wed Aug 28 16:38:28 2024] Launched synth_1...
Run output will be captured here: C:/Users/minkyu/Documents/GitHub/SecuCepaLock_RTL_Team_Project/SPL/SPL.runs/synth_1/runme.log
[Wed Aug 28 16:38:28 2024] Launched impl_1...
Run output will be captured here: C:/Users/minkyu/Documents/GitHub/SecuCepaLock_RTL_Team_Project/SPL/SPL.runs/impl_1/runme.log
set_property PROBES.FILE {} [get_hw_devices xc7a35t_0]
set_property FULL_PROBES.FILE {} [get_hw_devices xc7a35t_0]
set_property PROGRAM.FILE {C:/Users/minkyu/Documents/GitHub/SecuCepaLock_RTL_Team_Project/SPL/SPL.runs/impl_1/keypad_test_top.bit} [get_hw_devices xc7a35t_0]
program_hw_devices [get_hw_devices xc7a35t_0]
INFO: [Labtools 27-3164] End of startup status: HIGH
refresh_hw_device [lindex [get_hw_devices xc7a35t_0] 0]
INFO: [Labtools 27-1434] Device xc7a35t (JTAG device index = 0) is programmed with a design that has no supported debug core(s) in it.
reset_run synth_1
launch_runs impl_1 -to_step write_bitstream -jobs 4
[Wed Aug 28 16:58:41 2024] Launched synth_1...
Run output will be captured here: C:/Users/minkyu/Documents/GitHub/SecuCepaLock_RTL_Team_Project/SPL/SPL.runs/synth_1/runme.log
[Wed Aug 28 16:58:41 2024] Launched impl_1...
Run output will be captured here: C:/Users/minkyu/Documents/GitHub/SecuCepaLock_RTL_Team_Project/SPL/SPL.runs/impl_1/runme.log
set_property PROBES.FILE {} [get_hw_devices xc7a35t_0]
set_property FULL_PROBES.FILE {} [get_hw_devices xc7a35t_0]
set_property PROGRAM.FILE {C:/Users/minkyu/Documents/GitHub/SecuCepaLock_RTL_Team_Project/SPL/SPL.runs/impl_1/keypad_test_top.bit} [get_hw_devices xc7a35t_0]
program_hw_devices [get_hw_devices xc7a35t_0]
INFO: [Labtools 27-3164] End of startup status: HIGH
refresh_hw_device [lindex [get_hw_devices xc7a35t_0] 0]
INFO: [Labtools 27-1434] Device xc7a35t (JTAG device index = 0) is programmed with a design that has no supported debug core(s) in it.
reset_run synth_1
launch_runs impl_1 -to_step write_bitstream -jobs 4
[Wed Aug 28 17:04:22 2024] Launched synth_1...
Run output will be captured here: C:/Users/minkyu/Documents/GitHub/SecuCepaLock_RTL_Team_Project/SPL/SPL.runs/synth_1/runme.log
[Wed Aug 28 17:04:22 2024] Launched impl_1...
Run output will be captured here: C:/Users/minkyu/Documents/GitHub/SecuCepaLock_RTL_Team_Project/SPL/SPL.runs/impl_1/runme.log
set_property PROBES.FILE {} [get_hw_devices xc7a35t_0]
set_property FULL_PROBES.FILE {} [get_hw_devices xc7a35t_0]
set_property PROGRAM.FILE {C:/Users/minkyu/Documents/GitHub/SecuCepaLock_RTL_Team_Project/SPL/SPL.runs/impl_1/keypad_test_top.bit} [get_hw_devices xc7a35t_0]
program_hw_devices [get_hw_devices xc7a35t_0]
INFO: [Labtools 27-3164] End of startup status: HIGH
refresh_hw_device [lindex [get_hw_devices xc7a35t_0] 0]
INFO: [Labtools 27-1434] Device xc7a35t (JTAG device index = 0) is programmed with a design that has no supported debug core(s) in it.
set_property PROBES.FILE {} [get_hw_devices xc7a35t_0]
set_property FULL_PROBES.FILE {} [get_hw_devices xc7a35t_0]
set_property PROGRAM.FILE {C:/Users/minkyu/Documents/GitHub/SecuCepaLock_RTL_Team_Project/SPL/SPL.runs/impl_1/keypad_test_top.bit} [get_hw_devices xc7a35t_0]
program_hw_devices [get_hw_devices xc7a35t_0]
INFO: [Labtools 27-3164] End of startup status: HIGH
refresh_hw_device [lindex [get_hw_devices xc7a35t_0] 0]
INFO: [Labtools 27-1434] Device xc7a35t (JTAG device index = 0) is programmed with a design that has no supported debug core(s) in it.
reset_run synth_1
launch_runs impl_1 -to_step write_bitstream -jobs 4
[Wed Aug 28 17:10:44 2024] Launched synth_1...
Run output will be captured here: C:/Users/minkyu/Documents/GitHub/SecuCepaLock_RTL_Team_Project/SPL/SPL.runs/synth_1/runme.log
[Wed Aug 28 17:10:44 2024] Launched impl_1...
Run output will be captured here: C:/Users/minkyu/Documents/GitHub/SecuCepaLock_RTL_Team_Project/SPL/SPL.runs/impl_1/runme.log
set_property PROBES.FILE {} [get_hw_devices xc7a35t_0]
set_property FULL_PROBES.FILE {} [get_hw_devices xc7a35t_0]
set_property PROGRAM.FILE {C:/Users/minkyu/Documents/GitHub/SecuCepaLock_RTL_Team_Project/SPL/SPL.runs/impl_1/keypad_test_top.bit} [get_hw_devices xc7a35t_0]
program_hw_devices [get_hw_devices xc7a35t_0]
INFO: [Labtools 27-3164] End of startup status: HIGH
refresh_hw_device [lindex [get_hw_devices xc7a35t_0] 0]
INFO: [Labtools 27-1434] Device xc7a35t (JTAG device index = 0) is programmed with a design that has no supported debug core(s) in it.
reset_run synth_1
launch_runs impl_1 -to_step write_bitstream -jobs 4
[Wed Aug 28 17:15:49 2024] Launched synth_1...
Run output will be captured here: C:/Users/minkyu/Documents/GitHub/SecuCepaLock_RTL_Team_Project/SPL/SPL.runs/synth_1/runme.log
[Wed Aug 28 17:15:49 2024] Launched impl_1...
Run output will be captured here: C:/Users/minkyu/Documents/GitHub/SecuCepaLock_RTL_Team_Project/SPL/SPL.runs/impl_1/runme.log
set_property PROBES.FILE {} [get_hw_devices xc7a35t_0]
set_property FULL_PROBES.FILE {} [get_hw_devices xc7a35t_0]
set_property PROGRAM.FILE {C:/Users/minkyu/Documents/GitHub/SecuCepaLock_RTL_Team_Project/SPL/SPL.runs/impl_1/keypad_test_top.bit} [get_hw_devices xc7a35t_0]
program_hw_devices [get_hw_devices xc7a35t_0]
INFO: [Labtools 27-3164] End of startup status: HIGH
refresh_hw_device [lindex [get_hw_devices xc7a35t_0] 0]
INFO: [Labtools 27-1434] Device xc7a35t (JTAG device index = 0) is programmed with a design that has no supported debug core(s) in it.
reset_run synth_1
launch_runs impl_1 -to_step write_bitstream -jobs 4
[Wed Aug 28 17:20:20 2024] Launched synth_1...
Run output will be captured here: C:/Users/minkyu/Documents/GitHub/SecuCepaLock_RTL_Team_Project/SPL/SPL.runs/synth_1/runme.log
[Wed Aug 28 17:20:20 2024] Launched impl_1...
Run output will be captured here: C:/Users/minkyu/Documents/GitHub/SecuCepaLock_RTL_Team_Project/SPL/SPL.runs/impl_1/runme.log
reset_run synth_1
launch_runs impl_1 -to_step write_bitstream -jobs 4
[Wed Aug 28 17:21:20 2024] Launched synth_1...
Run output will be captured here: C:/Users/minkyu/Documents/GitHub/SecuCepaLock_RTL_Team_Project/SPL/SPL.runs/synth_1/runme.log
[Wed Aug 28 17:21:20 2024] Launched impl_1...
Run output will be captured here: C:/Users/minkyu/Documents/GitHub/SecuCepaLock_RTL_Team_Project/SPL/SPL.runs/impl_1/runme.log
set_property PROBES.FILE {} [get_hw_devices xc7a35t_0]
set_property FULL_PROBES.FILE {} [get_hw_devices xc7a35t_0]
set_property PROGRAM.FILE {C:/Users/minkyu/Documents/GitHub/SecuCepaLock_RTL_Team_Project/SPL/SPL.runs/impl_1/keypad_test_top.bit} [get_hw_devices xc7a35t_0]
program_hw_devices [get_hw_devices xc7a35t_0]
INFO: [Labtools 27-3164] End of startup status: HIGH
refresh_hw_device [lindex [get_hw_devices xc7a35t_0] 0]
INFO: [Labtools 27-1434] Device xc7a35t (JTAG device index = 0) is programmed with a design that has no supported debug core(s) in it.
